0 info it worked if it ends with ok
1 verbose cli [ 'C:\\Program Files (x86)\\nodejs\\node.exe',
1 verbose cli   'C:\\Users\\Jordi\\AppData\\Roaming\\npm\\node_modules\\npm\\bin\\npm-cli.js',
1 verbose cli   'uninstall',
1 verbose cli   'angular-ui-bootstrap' ]
2 info using npm@4.1.1
3 info using node@v7.2.0
4 silly loadCurrentTree Starting
5 silly install loadCurrentTree
6 silly install readLocalPackageData
7 silly install normalizeTree
8 silly loadCurrentTree Finishing
9 silly loadIdealTree Starting
10 silly install loadIdealTree
11 silly cloneCurrentTree Starting
12 silly install cloneCurrentTreeToIdealTree
13 silly cloneCurrentTree Finishing
14 silly loadShrinkwrap Starting
15 silly install loadShrinkwrap
16 silly loadShrinkwrap Finishing
17 silly loadAllDepsIntoIdealTree Starting
18 silly uninstall loadAllDepsIntoIdealtree
19 silly loadAllDepsIntoIdealTree Finishing
20 silly loadIdealTree Finishing
21 silly currentTree terresjury
21 silly currentTree +-- @types/angular-mocks@1.5.9
21 silly currentTree +-- @types/angular-ui-router@1.1.36
21 silly currentTree +-- @types/angular@1.6.9
21 silly currentTree +-- @types/jquery@2.0.40
21 silly currentTree +-- abbrev@1.1.0
21 silly currentTree +-- accepts@1.3.3
21 silly currentTree +-- acorn-jsx@3.0.1
21 silly currentTree +-- acorn-object-spread@1.0.0
21 silly currentTree +-- acorn@3.3.0
21 silly currentTree +-- after@0.8.1
21 silly currentTree +-- ajv-keywords@1.5.1
21 silly currentTree +-- ajv@4.11.4
21 silly currentTree +-- align-text@0.1.4
21 silly currentTree +-- alphanum-sort@1.0.2
21 silly currentTree +-- alter@0.2.0
21 silly currentTree +-- amdefine@1.0.1
21 silly currentTree +-- angular-mocks@1.6.3
21 silly currentTree +-- angular-ui-bootstrap@2.5.0
21 silly currentTree +-- ansi-escapes@1.4.0
21 silly currentTree +-- ansi-regex@2.1.1
21 silly currentTree +-- ansi-styles@2.2.1
21 silly currentTree +-- any-promise@1.3.0
21 silly currentTree +-- anymatch@1.3.0
21 silly currentTree +-- archy@1.0.0
21 silly currentTree +-- argparse@1.0.9
21 silly currentTree +-- arr-diff@2.0.0
21 silly currentTree +-- arr-flatten@1.0.1
21 silly currentTree +-- arr-union@3.1.0
21 silly currentTree +-- array-differ@1.0.0
21 silly currentTree +-- array-find-index@1.0.2
21 silly currentTree +-- array-slice@0.2.3
21 silly currentTree +-- array-union@1.0.2
21 silly currentTree +-- array-uniq@1.0.3
21 silly currentTree +-- array-unique@0.2.1
21 silly currentTree +-- arraybuffer.slice@0.0.6
21 silly currentTree +-- arrify@1.0.1
21 silly currentTree +-- asn1@0.2.3
21 silly currentTree +-- assert-plus@0.2.0
21 silly currentTree +-- async-done@1.2.2
21 silly currentTree +-- async-each-series@0.1.1
21 silly currentTree +-- async-each@1.0.1
21 silly currentTree +-- async-settle@0.2.1
21 silly currentTree | +-- async-done@0.4.0
21 silly currentTree | +-- end-of-stream@0.1.5
21 silly currentTree | | `-- once@1.3.3
21 silly currentTree | `-- next-tick@0.2.2
21 silly currentTree +-- async@1.5.2
21 silly currentTree +-- asynckit@0.4.0
21 silly currentTree +-- atob@1.1.3
21 silly currentTree +-- autoprefixer@6.7.6
21 silly currentTree +-- aws-sign2@0.6.0
21 silly currentTree +-- aws4@1.6.0
21 silly currentTree +-- babel-code-frame@6.22.0
21 silly currentTree +-- bach@0.5.0
21 silly currentTree +-- backo2@1.0.2
21 silly currentTree +-- balanced-match@0.4.2
21 silly currentTree +-- base64-arraybuffer@0.1.5
21 silly currentTree +-- base64id@0.1.0
21 silly currentTree +-- batch@0.5.3
21 silly currentTree +-- bcrypt-pbkdf@1.0.1
21 silly currentTree +-- beeper@1.1.1
21 silly currentTree +-- better-assert@1.0.2
21 silly currentTree +-- binary-extensions@1.8.0
21 silly currentTree +-- blob@0.0.4
21 silly currentTree +-- bluebird@3.5.0
21 silly currentTree +-- body-parser@1.17.1
21 silly currentTree | +-- debug@2.6.1
21 silly currentTree | +-- http-errors@1.6.1
21 silly currentTree | +-- ms@0.7.2
21 silly currentTree | +-- qs@6.4.0
21 silly currentTree | `-- setprototypeof@1.0.3
21 silly currentTree +-- boom@2.10.1
21 silly currentTree +-- bower-config@1.4.0
21 silly currentTree +-- bower@1.8.0
21 silly currentTree +-- brace-expansion@1.1.6
21 silly currentTree +-- braces@1.8.5
21 silly currentTree +-- browser-sync-client@2.4.5
21 silly currentTree +-- browser-sync-spa@1.0.3
21 silly currentTree | `-- connect-history-api-fallback@0.0.5
21 silly currentTree +-- browser-sync-ui@0.6.3
21 silly currentTree +-- browser-sync@2.18.8
21 silly currentTree +-- browserslist@1.7.6
21 silly currentTree +-- bs-recipes@1.3.4
21 silly currentTree +-- buble@0.12.5
21 silly currentTree +-- bubleify@0.5.1
21 silly currentTree +-- buffer-shims@1.0.0
21 silly currentTree +-- bufferstreams@1.1.1
21 silly currentTree +-- builtin-modules@1.1.1
21 silly currentTree +-- bytes@2.4.0
21 silly currentTree +-- caller-path@0.1.0
21 silly currentTree +-- callsite@1.0.0
21 silly currentTree +-- callsites@0.2.0
21 silly currentTree +-- camel-case@3.0.0
21 silly currentTree +-- camelcase-keys@2.1.0
21 silly currentTree | `-- camelcase@2.1.1
21 silly currentTree +-- camelcase@1.2.1
21 silly currentTree +-- caniuse-api@1.5.3
21 silly currentTree +-- caniuse-db@1.0.30000634
21 silly currentTree +-- caseless@0.11.0
21 silly currentTree +-- center-align@0.1.3
21 silly currentTree +-- chalk@1.1.3
21 silly currentTree | `-- supports-color@2.0.0
21 silly currentTree +-- chokidar@1.6.1
21 silly currentTree +-- circular-json@0.3.1
21 silly currentTree +-- clap@1.1.2
21 silly currentTree +-- clean-css@4.0.8
21 silly currentTree +-- cli-cursor@1.0.2
21 silly currentTree +-- cli-width@2.1.0
21 silly currentTree +-- cliui@3.2.0
21 silly currentTree +-- clone-stats@0.0.1
21 silly currentTree +-- clone@1.0.2
21 silly currentTree +-- co@4.6.0
21 silly currentTree +-- coa@1.0.1
21 silly currentTree +-- code-point-at@1.1.0
21 silly currentTree +-- color-convert@1.9.0
21 silly currentTree +-- color-name@1.1.1
21 silly currentTree +-- color-string@0.3.0
21 silly currentTree +-- color@0.11.4
21 silly currentTree +-- colormin@1.1.2
21 silly currentTree +-- colors@1.1.2
21 silly currentTree +-- combine-lists@1.0.1
21 silly currentTree | `-- lodash@4.17.4
21 silly currentTree +-- combined-stream@1.0.5
21 silly currentTree +-- commander@2.9.0
21 silly currentTree +-- component-bind@1.0.0
21 silly currentTree +-- component-emitter@1.1.2
21 silly currentTree +-- component-inherit@0.0.3
21 silly currentTree +-- concat-map@0.0.1
21 silly currentTree +-- concat-stream@1.6.0
21 silly currentTree +-- concat-with-sourcemaps@1.0.4
21 silly currentTree +-- connect-history-api-fallback@1.3.0
21 silly currentTree +-- connect@3.5.0
21 silly currentTree +-- content-type@1.0.2
21 silly currentTree +-- convert-source-map@1.4.0
21 silly currentTree +-- cookie@0.3.1
21 silly currentTree +-- core-js@2.4.1
21 silly currentTree +-- core-util-is@1.0.2
21 silly currentTree +-- cosmiconfig@2.1.1
21 silly currentTree +-- cryptiles@2.0.5
21 silly currentTree +-- css-color-names@0.0.4
21 silly currentTree +-- css@2.2.1
21 silly currentTree | `-- source-map@0.1.43
21 silly currentTree +-- cssnano@3.10.0
21 silly currentTree +-- csso@2.3.1
21 silly currentTree +-- currently-unhandled@0.4.1
21 silly currentTree +-- custom-event@1.0.1
21 silly currentTree +-- d@0.1.1
21 silly currentTree +-- dashdash@1.14.1
21 silly currentTree | `-- assert-plus@1.0.0
21 silly currentTree +-- dateformat@2.0.0
21 silly currentTree +-- debug-fabulous@0.0.4
21 silly currentTree | `-- object-assign@4.1.0
21 silly currentTree +-- debug@2.2.0
21 silly currentTree +-- decamelize@1.2.0
21 silly currentTree +-- deep-is@0.1.3
21 silly currentTree +-- default-resolution@2.0.0
21 silly currentTree +-- defined@1.0.0
21 silly currentTree +-- del@2.2.2
21 silly currentTree +-- delayed-stream@1.0.0
21 silly currentTree +-- depd@1.1.0
21 silly currentTree +-- destroy@1.0.4
21 silly currentTree +-- detect-file@0.1.0
21 silly currentTree +-- detect-newline@2.1.0
21 silly currentTree +-- dev-ip@1.0.1
21 silly currentTree +-- di@0.0.1
21 silly currentTree +-- doctrine@1.5.0
21 silly currentTree +-- dom-serialize@2.2.1
21 silly currentTree +-- duplexer@0.1.1
21 silly currentTree +-- duplexer2@0.0.2
21 silly currentTree | +-- isarray@0.0.1
21 silly currentTree | `-- readable-stream@1.1.14
21 silly currentTree +-- duplexify@3.5.0
21 silly currentTree | +-- end-of-stream@1.0.0
21 silly currentTree | `-- once@1.3.3
21 silly currentTree +-- easy-extender@2.3.2
21 silly currentTree +-- eazy-logger@3.0.2
21 silly currentTree +-- ecc-jsbn@0.1.1
21 silly currentTree +-- ee-first@1.1.1
21 silly currentTree +-- electron-to-chromium@1.2.6
21 silly currentTree +-- emitter-steward@1.0.0
21 silly currentTree +-- encodeurl@1.0.1
21 silly currentTree +-- end-of-stream@1.1.0
21 silly currentTree | `-- once@1.3.3
21 silly currentTree +-- engine.io-client@1.8.0
21 silly currentTree | +-- component-emitter@1.2.1
21 silly currentTree | +-- debug@2.3.3
21 silly currentTree | `-- ms@0.7.2
21 silly currentTree +-- engine.io-parser@1.3.1
21 silly currentTree | +-- has-binary@0.1.6
21 silly currentTree | `-- isarray@0.0.1
21 silly currentTree +-- engine.io@1.8.0
21 silly currentTree | +-- debug@2.3.3
21 silly currentTree | `-- ms@0.7.2
21 silly currentTree +-- ent@2.2.0
21 silly currentTree +-- error-ex@1.3.1
21 silly currentTree +-- es5-ext@0.10.12
21 silly currentTree +-- es6-iterator@2.0.0
21 silly currentTree +-- es6-map@0.1.4
21 silly currentTree +-- es6-promise@4.0.5
21 silly currentTree +-- es6-set@0.1.4
21 silly currentTree +-- es6-shim@0.35.3
21 silly currentTree +-- es6-symbol@3.1.0
21 silly currentTree +-- es6-weak-map@2.0.1
21 silly currentTree +-- escape-html@1.0.3
21 silly currentTree +-- escape-string-regexp@1.0.5
21 silly currentTree +-- escodegen@1.8.1
21 silly currentTree | +-- esprima@2.7.3
21 silly currentTree | +-- estraverse@1.9.3
21 silly currentTree | `-- source-map@0.2.0
21 silly currentTree +-- escope@3.6.0
21 silly currentTree +-- eslint-config-angular@0.5.0
21 silly currentTree +-- eslint-config-xo-space@0.15.0
21 silly currentTree +-- eslint-config-xo@0.17.0
21 silly currentTree +-- eslint-plugin-angular@1.6.2
21 silly currentTree +-- eslint@3.17.1
21 silly currentTree | +-- lodash@4.17.4
21 silly currentTree | +-- minimist@0.0.8
21 silly currentTree | +-- mkdirp@0.5.1
21 silly currentTree | `-- strip-bom@3.0.0
21 silly currentTree +-- espree@3.4.0
21 silly currentTree | `-- acorn@4.0.4
21 silly currentTree +-- esprima@3.1.3
21 silly currentTree +-- esrecurse@4.1.0
21 silly currentTree | `-- estraverse@4.1.1
21 silly currentTree +-- estraverse@4.2.0
21 silly currentTree +-- esutils@2.0.2
21 silly currentTree +-- etag@1.8.0
21 silly currentTree +-- event-emitter@0.3.4
21 silly currentTree +-- event-stream@3.3.4
21 silly currentTree +-- eventemitter3@1.2.0
21 silly currentTree +-- exit-hook@1.1.1
21 silly currentTree +-- exit@0.1.2
21 silly currentTree +-- expand-braces@0.1.2
21 silly currentTree | +-- braces@0.1.5
21 silly currentTree | +-- expand-range@0.1.1
21 silly currentTree | +-- is-number@0.1.1
21 silly currentTree | `-- repeat-string@0.2.2
21 silly currentTree +-- expand-brackets@0.1.5
21 silly currentTree +-- expand-range@1.8.2
21 silly currentTree +-- expand-tilde@1.2.2
21 silly currentTree +-- express@2.5.11
21 silly currentTree | +-- connect@1.9.2
21 silly currentTree | `-- qs@0.4.2
21 silly currentTree +-- extend-shallow@2.0.1
21 silly currentTree +-- extend@3.0.0
21 silly currentTree +-- extglob@0.3.2
21 silly currentTree +-- extract-zip@1.5.0
21 silly currentTree | +-- concat-stream@1.5.0
21 silly currentTree | +-- debug@0.7.4
21 silly currentTree | +-- minimist@0.0.8
21 silly currentTree | +-- mkdirp@0.5.0
21 silly currentTree | `-- readable-stream@2.0.6
21 silly currentTree +-- extsprintf@1.0.2
21 silly currentTree +-- fancy-log@1.3.0
21 silly currentTree +-- fast-levenshtein@2.0.6
21 silly currentTree +-- fd-slicer@1.0.1
21 silly currentTree +-- figures@1.7.0
21 silly currentTree +-- file-entry-cache@2.0.0
21 silly currentTree +-- filename-regex@2.0.0
21 silly currentTree +-- fill-range@2.2.3
21 silly currentTree +-- finalhandler@0.5.0
21 silly currentTree +-- find-up@1.1.2
21 silly currentTree +-- findup-sync@0.4.3
21 silly currentTree +-- fined@1.0.2
21 silly currentTree +-- first-chunk-stream@1.0.0
21 silly currentTree +-- flagged-respawn@0.3.2
21 silly currentTree +-- flat-cache@1.2.2
21 silly currentTree +-- flatten@1.0.2
21 silly currentTree +-- for-in@1.0.2
21 silly currentTree +-- for-own@0.1.5
21 silly currentTree +-- forever-agent@0.6.1
21 silly currentTree +-- fork-stream@0.0.4
21 silly currentTree +-- form-data@2.1.2
21 silly currentTree +-- formidable@1.0.17
21 silly currentTree +-- fresh@0.3.0
21 silly currentTree +-- from@0.1.3
21 silly currentTree +-- fs-exists-sync@0.1.0
21 silly currentTree +-- fs-extra@1.0.0
21 silly currentTree +-- fs.realpath@1.0.0
21 silly currentTree +-- function-bind@1.1.0
21 silly currentTree +-- fwd@0.2.2
21 silly currentTree +-- generate-function@2.0.0
21 silly currentTree +-- generate-object-property@1.2.0
21 silly currentTree +-- get-caller-file@1.0.2
21 silly currentTree +-- get-stdin@4.0.1
21 silly currentTree +-- get-value@2.0.6
21 silly currentTree +-- getpass@0.1.6
21 silly currentTree | `-- assert-plus@1.0.0
21 silly currentTree +-- glob-base@0.3.0
21 silly currentTree +-- glob-parent@2.0.0
21 silly currentTree +-- glob-stream@5.3.5
21 silly currentTree | +-- glob-parent@3.1.0
21 silly currentTree | +-- glob@5.0.15
21 silly currentTree | +-- is-extglob@2.1.1
21 silly currentTree | +-- is-glob@3.1.0
21 silly currentTree | +-- isarray@0.0.1
21 silly currentTree | +-- readable-stream@1.0.34
21 silly currentTree | `-- through2@0.6.5
21 silly currentTree +-- glob-watcher@3.1.0
21 silly currentTree +-- glob@7.1.1
21 silly currentTree +-- global-modules@0.2.3
21 silly currentTree +-- global-prefix@0.1.5
21 silly currentTree +-- globals@9.16.0
21 silly currentTree +-- globby@5.0.0
21 silly currentTree +-- glogg@1.0.0
21 silly currentTree +-- graceful-fs@4.1.11
21 silly currentTree +-- graceful-readlink@1.0.1
21 silly currentTree +-- group-array@0.3.2
21 silly currentTree +-- gulp-angular-filesort@1.1.1
21 silly currentTree +-- gulp-angular-templatecache@2.0.0
21 silly currentTree | +-- dateformat@1.0.12
21 silly currentTree | +-- event-stream@3.3.2
21 silly currentTree | +-- gulp-util@3.0.7
21 silly currentTree | +-- object-assign@3.0.0
21 silly currentTree | `-- vinyl@0.5.3
21 silly currentTree +-- gulp-concat@2.6.0
21 silly currentTree | +-- isarray@0.0.1
21 silly currentTree | +-- readable-stream@1.0.34
21 silly currentTree | `-- through2@0.6.5
21 silly currentTree +-- gulp-cssnano@2.1.2
21 silly currentTree +-- gulp-eslint@3.0.1
21 silly currentTree +-- gulp-filter@5.0.0
21 silly currentTree +-- gulp-footer@1.0.5
21 silly currentTree +-- gulp-header@1.8.2
21 silly currentTree +-- gulp-htmlmin@3.0.0
21 silly currentTree +-- gulp-hub@4.1.0
21 silly currentTree | `-- glob@5.0.15
21 silly currentTree +-- gulp-if@2.0.2
21 silly currentTree +-- gulp-inject@4.2.0
21 silly currentTree +-- gulp-insert@0.5.0
21 silly currentTree | +-- isarray@0.0.1
21 silly currentTree | `-- readable-stream@1.1.14
21 silly currentTree +-- gulp-match@1.0.3
21 silly currentTree +-- gulp-ng-annotate@2.0.0
21 silly currentTree +-- gulp-postcss@6.3.0
21 silly currentTree +-- gulp-rev-replace@0.4.3
21 silly currentTree +-- gulp-rev@7.1.2
21 silly currentTree +-- gulp-sourcemaps@2.4.1
21 silly currentTree | +-- acorn@4.0.11
21 silly currentTree | `-- strip-bom@3.0.0
21 silly currentTree +-- gulp-uglify@2.1.0
21 silly currentTree | `-- lodash@4.17.4
21 silly currentTree +-- gulp-useref@3.1.2
21 silly currentTree +-- gulp-util@3.0.8
21 silly currentTree | +-- object-assign@3.0.0
21 silly currentTree | `-- vinyl@0.5.3
21 silly currentTree +-- gulp@4.0.0-alpha.2
21 silly currentTree | +-- camelcase@2.1.1
21 silly currentTree | +-- gulp-cli@1.2.2
21 silly currentTree | `-- yargs@3.32.0
21 silly currentTree +-- gulplog@1.0.0
21 silly currentTree +-- handlebars@4.0.6
21 silly currentTree | `-- source-map@0.4.4
21 silly currentTree +-- har-validator@2.0.6
21 silly currentTree +-- has-ansi@2.0.0
21 silly currentTree +-- has-binary@0.1.7
21 silly currentTree | `-- isarray@0.0.1
21 silly currentTree +-- has-cors@1.1.0
21 silly currentTree +-- has-flag@1.0.0
21 silly currentTree +-- has-gulplog@0.1.0
21 silly currentTree +-- has@1.0.1
21 silly currentTree +-- hasha@2.2.0
21 silly currentTree +-- hawk@3.1.3
21 silly currentTree +-- he@1.1.1
21 silly currentTree +-- hoek@2.16.3
21 silly currentTree +-- homedir-polyfill@1.0.1
21 silly currentTree +-- hosted-git-info@2.2.0
21 silly currentTree +-- html-comment-regex@1.1.1
21 silly currentTree +-- html-minifier@3.4.0
21 silly currentTree +-- http-errors@1.5.1
21 silly currentTree +-- http-proxy@1.15.2
21 silly currentTree +-- http-signature@1.1.1
21 silly currentTree +-- iconv-lite@0.4.15
21 silly currentTree +-- ignore@3.2.4
21 silly currentTree +-- immutable@3.8.1
21 silly currentTree +-- imurmurhash@0.1.4
21 silly currentTree +-- indent-string@2.1.0
21 silly currentTree +-- indexes-of@1.0.1
21 silly currentTree +-- indexof@0.0.1
21 silly currentTree +-- inflight@1.0.6
21 silly currentTree +-- inherits@2.0.3
21 silly currentTree +-- ini@1.3.4
21 silly currentTree +-- inquirer@0.12.0
21 silly currentTree | `-- lodash@4.17.4
21 silly currentTree +-- interpret@1.0.1
21 silly currentTree +-- invert-kv@1.0.0
21 silly currentTree +-- is-absolute-url@2.1.0
21 silly currentTree +-- is-absolute@0.2.6
21 silly currentTree +-- is-arrayish@0.2.1
21 silly currentTree +-- is-binary-path@1.0.1
21 silly currentTree +-- is-buffer@1.1.4
21 silly currentTree +-- is-builtin-module@1.0.0
21 silly currentTree +-- is-dotfile@1.0.2
21 silly currentTree +-- is-equal-shallow@0.1.3
21 silly currentTree +-- is-extendable@0.1.1
21 silly currentTree +-- is-extglob@1.0.0
21 silly currentTree +-- is-finite@1.0.2
21 silly currentTree +-- is-fullwidth-code-point@1.0.0
21 silly currentTree +-- is-glob@2.0.1
21 silly currentTree +-- is-my-json-valid@2.16.0
21 silly currentTree +-- is-number-like@1.0.7
21 silly currentTree +-- is-number@2.1.0
21 silly currentTree +-- is-path-cwd@1.0.0
21 silly currentTree +-- is-path-in-cwd@1.0.0
21 silly currentTree +-- is-path-inside@1.0.0
21 silly currentTree +-- is-plain-obj@1.1.0
21 silly currentTree +-- is-plain-object@2.0.1
21 silly currentTree | `-- isobject@1.0.2
21 silly currentTree +-- is-posix-bracket@0.1.1
21 silly currentTree +-- is-primitive@2.0.0
21 silly currentTree +-- is-property@1.0.2
21 silly currentTree +-- is-relative-url@1.0.0
21 silly currentTree | `-- is-absolute-url@1.0.0
21 silly currentTree +-- is-relative@0.2.1
21 silly currentTree +-- is-resolvable@1.0.0
21 silly currentTree +-- is-stream@1.1.0
21 silly currentTree +-- is-svg@2.1.0
21 silly currentTree +-- is-typedarray@1.0.0
21 silly currentTree +-- is-unc-path@0.1.2
21 silly currentTree +-- is-utf8@0.2.1
21 silly currentTree +-- is-valid-glob@0.3.0
21 silly currentTree +-- is-windows@0.2.0
21 silly currentTree +-- isarray@1.0.0
21 silly currentTree +-- isbinaryfile@3.0.2
21 silly currentTree +-- isexe@1.1.2
21 silly currentTree +-- isobject@2.1.0
21 silly currentTree +-- isstream@0.1.2
21 silly currentTree +-- istanbul@0.4.5
21 silly currentTree | +-- abbrev@1.0.9
21 silly currentTree | +-- esprima@2.7.3
21 silly currentTree | +-- glob@5.0.15
21 silly currentTree | +-- minimist@0.0.8
21 silly currentTree | +-- mkdirp@0.5.1
21 silly currentTree | `-- resolve@1.1.7
21 silly currentTree +-- jasmine-core@2.5.2
21 silly currentTree +-- jasmine@2.5.3
21 silly currentTree +-- jodid25519@1.0.2
21 silly currentTree +-- js-base64@2.1.9
21 silly currentTree +-- js-tokens@3.0.1
21 silly currentTree +-- js-yaml@3.8.2
21 silly currentTree +-- jsbn@0.1.1
21 silly currentTree +-- jsesc@2.2.0
21 silly currentTree +-- json-schema@0.2.3
21 silly currentTree +-- json-stable-stringify@1.0.1
21 silly currentTree +-- json-stringify-safe@5.0.1
21 silly currentTree +-- json3@3.3.2
21 silly currentTree +-- jsonfile@2.4.0
21 silly currentTree +-- jsonify@0.0.0
21 silly currentTree +-- jsonpointer@4.0.1
21 silly currentTree +-- jsprim@1.3.1
21 silly currentTree +-- karma-angular-filesort@1.0.2
21 silly currentTree | +-- esprima@2.7.3
21 silly currentTree | +-- estraverse@1.9.3
21 silly currentTree | `-- ng-dependencies@0.3.0
21 silly currentTree +-- karma-coverage@1.1.1
21 silly currentTree | `-- dateformat@1.0.12
21 silly currentTree +-- karma-jasmine@1.1.0
21 silly currentTree +-- karma-junit-reporter@1.2.0
21 silly currentTree +-- karma-ng-html2js-preprocessor@1.0.0
21 silly currentTree +-- karma-phantomjs-launcher@1.0.3
21 silly currentTree | `-- lodash@4.17.4
21 silly currentTree +-- karma-phantomjs-shim@1.4.0
21 silly currentTree +-- karma@1.5.0
21 silly currentTree | +-- after@0.8.2
21 silly currentTree | +-- base64id@1.0.0
21 silly currentTree | +-- component-emitter@1.2.1
21 silly currentTree | +-- connect@3.6.0
21 silly currentTree | +-- debug@2.6.1
21 silly currentTree | +-- engine.io-client@1.8.3
21 silly currentTree | | `-- debug@2.3.3
21 silly currentTree | +-- engine.io-parser@1.3.2
21 silly currentTree | +-- engine.io@1.8.3
21 silly currentTree | | `-- debug@2.3.3
21 silly currentTree | +-- finalhandler@1.0.0
21 silly currentTree | +-- mime@1.3.4
21 silly currentTree | +-- ms@0.7.2
21 silly currentTree | +-- object-assign@4.1.0
21 silly currentTree | +-- socket.io-client@1.7.3
21 silly currentTree | | `-- debug@2.3.3
21 silly currentTree | +-- socket.io@1.7.3
21 silly currentTree | | `-- debug@2.3.3
21 silly currentTree | `-- ws@1.1.2
21 silly currentTree +-- kew@0.7.0
21 silly currentTree +-- kind-of@3.1.0
21 silly currentTree +-- klaw@1.3.1
21 silly currentTree +-- last-run@1.1.1
21 silly currentTree +-- lazy-cache@1.0.4
21 silly currentTree +-- lazy-debug-legacy@0.0.1
21 silly currentTree +-- lazypipe@1.0.1
21 silly currentTree +-- lazystream@1.0.0
21 silly currentTree +-- lcid@1.0.0
21 silly currentTree +-- levn@0.3.0
21 silly currentTree +-- liftoff@2.3.0
21 silly currentTree +-- limiter@1.1.0
21 silly currentTree +-- load-json-file@1.1.0
21 silly currentTree +-- localtunnel@1.8.2
21 silly currentTree | `-- yargs@3.29.0
21 silly currentTree +-- lodash._basecopy@3.0.1
21 silly currentTree +-- lodash._basetostring@3.0.1
21 silly currentTree +-- lodash._basevalues@3.0.0
21 silly currentTree +-- lodash._getnative@3.9.1
21 silly currentTree +-- lodash._isiterateecall@3.0.9
21 silly currentTree +-- lodash._reescape@3.0.0
21 silly currentTree +-- lodash._reevaluate@3.0.0
21 silly currentTree +-- lodash._reinterpolate@3.0.0
21 silly currentTree +-- lodash._root@3.0.1
21 silly currentTree +-- lodash.assign@4.2.0
21 silly currentTree +-- lodash.assignwith@4.2.0
21 silly currentTree +-- lodash.debounce@4.0.8
21 silly currentTree +-- lodash.defaults@4.2.0
21 silly currentTree +-- lodash.escape@3.2.0
21 silly currentTree +-- lodash.filter@4.6.0
21 silly currentTree +-- lodash.flatten@4.4.0
21 silly currentTree +-- lodash.foreach@4.5.0
21 silly currentTree +-- lodash.initial@4.1.1
21 silly currentTree +-- lodash.isarguments@3.1.0
21 silly currentTree +-- lodash.isarray@3.0.4
21 silly currentTree +-- lodash.isempty@4.4.0
21 silly currentTree +-- lodash.isequal@4.5.0
21 silly currentTree +-- lodash.isfinite@3.3.2
21 silly currentTree +-- lodash.isfunction@3.0.8
21 silly currentTree +-- lodash.isplainobject@4.0.6
21 silly currentTree +-- lodash.isstring@4.0.1
21 silly currentTree +-- lodash.keys@3.1.2
21 silly currentTree +-- lodash.last@3.0.0
21 silly currentTree +-- lodash.map@4.6.0
21 silly currentTree +-- lodash.mapvalues@4.6.0
21 silly currentTree +-- lodash.memoize@4.1.2
21 silly currentTree +-- lodash.pick@4.4.0
21 silly currentTree +-- lodash.reduce@4.6.0
21 silly currentTree +-- lodash.restparam@3.6.1
21 silly currentTree +-- lodash.sortby@4.7.0
21 silly currentTree +-- lodash.template@3.6.2
21 silly currentTree +-- lodash.templatesettings@3.1.1
21 silly currentTree +-- lodash.uniq@4.5.0
21 silly currentTree +-- lodash@3.10.1
21 silly currentTree +-- log4js@0.6.38
21 silly currentTree | +-- isarray@0.0.1
21 silly currentTree | +-- readable-stream@1.0.34
21 silly currentTree | `-- semver@4.3.6
21 silly currentTree +-- longest@1.0.1
21 silly currentTree +-- loud-rejection@1.6.0
21 silly currentTree +-- lower-case@1.1.4
21 silly currentTree +-- lru-cache@2.2.4
21 silly currentTree +-- macaddress@0.2.8
21 silly currentTree +-- magic-string@0.14.0
21 silly currentTree +-- main-bower-files@2.13.1
21 silly currentTree | +-- extend@2.0.1
21 silly currentTree | +-- glob@5.0.15
21 silly currentTree | +-- globby@2.1.0
21 silly currentTree | +-- object-assign@3.0.0
21 silly currentTree | +-- path-exists@1.0.0
21 silly currentTree | `-- strip-json-comments@1.0.4
21 silly currentTree +-- make-error-cause@1.2.2
21 silly currentTree +-- make-error@1.2.3
21 silly currentTree +-- map-cache@0.2.2
21 silly currentTree +-- map-obj@1.0.1
21 silly currentTree +-- map-stream@0.1.0
21 silly currentTree +-- matchdep@1.0.1
21 silly currentTree | +-- findup-sync@0.3.0
21 silly currentTree | +-- glob@5.0.15
21 silly currentTree | `-- resolve@1.1.7
21 silly currentTree +-- math-expression-evaluator@1.2.16
21 silly currentTree +-- media-typer@0.3.0
21 silly currentTree +-- meow@3.7.0
21 silly currentTree +-- merge-stream@1.0.1
21 silly currentTree +-- merge@1.2.0
21 silly currentTree +-- micromatch@2.3.11
21 silly currentTree +-- mime-db@1.26.0
21 silly currentTree +-- mime-types@2.1.14
21 silly currentTree +-- mime@1.2.4
21 silly currentTree +-- minimatch@3.0.3
21 silly currentTree +-- minimist@1.2.0
21 silly currentTree +-- mkdirp@0.3.0
21 silly currentTree +-- modify-filename@1.1.0
21 silly currentTree +-- mout@1.0.0
21 silly currentTree +-- ms@0.7.1
21 silly currentTree +-- multimatch@2.1.0
21 silly currentTree +-- multipipe@0.1.2
21 silly currentTree +-- mute-stdout@1.0.0
21 silly currentTree +-- mute-stream@0.0.5
21 silly currentTree +-- natural-compare@1.4.0
21 silly currentTree +-- ncname@1.0.0
21 silly currentTree +-- negotiator@0.6.1
21 silly currentTree +-- next-tick@1.0.0
21 silly currentTree +-- ng-annotate@1.2.1
21 silly currentTree | +-- acorn@2.6.4
21 silly currentTree | `-- convert-source-map@1.1.3
21 silly currentTree +-- ng-dependencies@0.2.0
21 silly currentTree | +-- esprima@1.2.5
21 silly currentTree | `-- estraverse@1.9.3
21 silly currentTree +-- no-case@2.3.1
21 silly currentTree +-- node-uuid@1.4.7
21 silly currentTree +-- nopt@3.0.6
21 silly currentTree +-- normalize-package-data@2.3.6
21 silly currentTree +-- normalize-path@2.0.1
21 silly currentTree +-- normalize-range@0.1.2
21 silly currentTree +-- normalize-url@1.9.0
21 silly currentTree +-- now-and-later@0.0.6
21 silly currentTree +-- num2fraction@1.2.2
21 silly currentTree +-- number-is-nan@1.0.1
21 silly currentTree +-- oauth-sign@0.8.2
21 silly currentTree +-- object-assign@4.1.1
21 silly currentTree +-- object-component@0.0.3
21 silly currentTree +-- object-path@0.9.2
21 silly currentTree +-- object.omit@2.0.1
21 silly currentTree +-- on-finished@2.3.0
21 silly currentTree +-- once@1.4.0
21 silly currentTree +-- onetime@1.1.0
21 silly currentTree +-- openurl@1.1.0
21 silly currentTree +-- opn@4.0.2
21 silly currentTree +-- opt-merger@1.1.1
21 silly currentTree +-- optimist@0.6.1
21 silly currentTree | +-- minimist@0.0.10
21 silly currentTree | `-- wordwrap@0.0.3
21 silly currentTree +-- optionator@0.8.2
21 silly currentTree +-- options@0.0.6
21 silly currentTree +-- ordered-ast-traverse@1.1.1
21 silly currentTree +-- ordered-esprima-props@1.1.0
21 silly currentTree +-- ordered-read-streams@0.3.0
21 silly currentTree +-- os-homedir@1.0.2
21 silly currentTree +-- os-locale@1.4.0
21 silly currentTree +-- os-tmpdir@1.0.2
21 silly currentTree +-- osenv@0.1.4
21 silly currentTree +-- param-case@2.1.0
21 silly currentTree +-- parse-filepath@1.0.1
21 silly currentTree +-- parse-glob@3.0.4
21 silly currentTree +-- parse-json@2.2.0
21 silly currentTree +-- parse-passwd@1.0.0
21 silly currentTree +-- parsejson@0.0.3
21 silly currentTree +-- parseqs@0.0.5
21 silly currentTree +-- parseuri@0.0.5
21 silly currentTree +-- parseurl@1.3.1
21 silly currentTree +-- path-dirname@1.0.2
21 silly currentTree +-- path-exists@2.1.0
21 silly currentTree +-- path-is-absolute@1.0.1
21 silly currentTree +-- path-is-inside@1.0.2
21 silly currentTree +-- path-parse@1.0.5
21 silly currentTree +-- path-root-regex@0.1.2
21 silly currentTree +-- path-root@0.1.1
21 silly currentTree +-- path-type@1.1.0
21 silly currentTree +-- pause-stream@0.0.11
21 silly currentTree +-- pend@1.2.0
21 silly currentTree +-- phantomjs-prebuilt@2.1.14
21 silly currentTree | +-- qs@6.3.2
21 silly currentTree | +-- request@2.79.0
21 silly currentTree | `-- uuid@3.0.1
21 silly currentTree +-- pify@2.3.0
21 silly currentTree +-- pinkie-promise@2.0.1
21 silly currentTree +-- pinkie@2.0.4
21 silly currentTree +-- pluralize@1.2.1
21 silly currentTree +-- portscanner@2.1.1
21 silly currentTree +-- postcss-calc@5.3.1
21 silly currentTree +-- postcss-colormin@2.2.2
21 silly currentTree +-- postcss-convert-values@2.6.1
21 silly currentTree +-- postcss-discard-comments@2.0.4
21 silly currentTree +-- postcss-discard-duplicates@2.1.0
21 silly currentTree +-- postcss-discard-empty@2.1.0
21 silly currentTree +-- postcss-discard-overridden@0.1.1
21 silly currentTree +-- postcss-discard-unused@2.2.3
21 silly currentTree +-- postcss-filter-plugins@2.0.2
21 silly currentTree +-- postcss-load-config@1.2.0
21 silly currentTree +-- postcss-load-options@1.2.0
21 silly currentTree +-- postcss-load-plugins@2.3.0
21 silly currentTree +-- postcss-merge-idents@2.1.7
21 silly currentTree +-- postcss-merge-longhand@2.0.2
21 silly currentTree +-- postcss-merge-rules@2.1.2
21 silly currentTree +-- postcss-message-helpers@2.0.0
21 silly currentTree +-- postcss-minify-font-values@1.0.5
21 silly currentTree +-- postcss-minify-gradients@1.0.5
21 silly currentTree +-- postcss-minify-params@1.2.2
21 silly currentTree +-- postcss-minify-selectors@2.1.1
21 silly currentTree +-- postcss-normalize-charset@1.1.1
21 silly currentTree +-- postcss-normalize-url@3.0.8
21 silly currentTree +-- postcss-ordered-values@2.2.3
21 silly currentTree +-- postcss-reduce-idents@2.4.0
21 silly currentTree +-- postcss-reduce-initial@1.0.1
21 silly currentTree +-- postcss-reduce-transforms@1.0.4
21 silly currentTree +-- postcss-selector-parser@2.2.3
21 silly currentTree +-- postcss-svgo@2.1.6
21 silly currentTree +-- postcss-unique-selectors@2.0.2
21 silly currentTree +-- postcss-value-parser@3.3.0
21 silly currentTree +-- postcss-zindex@2.2.0
21 silly currentTree +-- postcss@5.2.16
21 silly currentTree +-- prelude-ls@1.1.2
21 silly currentTree +-- prepend-http@1.0.4
21 silly currentTree +-- preserve@0.2.0
21 silly currentTree +-- pretty-hrtime@1.0.3
21 silly currentTree +-- process-nextick-args@1.0.7
21 silly currentTree +-- progress@1.1.8
21 silly currentTree +-- propprop@0.3.1
21 silly currentTree +-- punycode@1.4.1
21 silly currentTree +-- q@1.4.1
21 silly currentTree +-- qjobs@1.1.5
21 silly currentTree +-- qs@6.2.1
21 silly currentTree +-- query-string@4.3.2
21 silly currentTree +-- randomatic@1.1.6
21 silly currentTree +-- range-parser@1.2.0
21 silly currentTree +-- raw-body@2.2.0
21 silly currentTree +-- read-pkg-up@1.0.1
21 silly currentTree +-- read-pkg@1.1.0
21 silly currentTree +-- readable-stream@2.2.3
21 silly currentTree +-- readdirp@2.1.0
21 silly currentTree +-- readline2@1.0.1
21 silly currentTree +-- rechoir@0.6.2
21 silly currentTree +-- redent@1.0.0
21 silly currentTree +-- reduce-css-calc@1.3.0
21 silly currentTree +-- reduce-function-call@1.0.2
21 silly currentTree +-- regex-cache@0.4.3
21 silly currentTree +-- relateurl@0.2.7
21 silly currentTree +-- repeat-element@1.1.2
21 silly currentTree +-- repeat-string@1.6.1
21 silly currentTree +-- repeating@2.0.1
21 silly currentTree +-- replace-ext@0.0.1
21 silly currentTree +-- request-progress@2.0.1
21 silly currentTree +-- request@2.78.0
21 silly currentTree | `-- qs@6.3.2
21 silly currentTree +-- require-directory@2.1.1
21 silly currentTree +-- require-from-string@1.2.1
21 silly currentTree +-- require-main-filename@1.0.1
21 silly currentTree +-- require-uncached@1.0.3
21 silly currentTree +-- requires-port@1.0.0
21 silly currentTree +-- resolve-dir@0.1.1
21 silly currentTree +-- resolve-from@1.0.1
21 silly currentTree +-- resolve-url@0.2.1
21 silly currentTree +-- resolve@1.3.2
21 silly currentTree +-- resp-modifier@6.0.2
21 silly currentTree +-- restore-cursor@1.0.1
21 silly currentTree +-- rev-hash@1.0.0
21 silly currentTree +-- rev-path@1.0.0
21 silly currentTree +-- right-align@0.1.3
21 silly currentTree +-- rimraf@2.6.1
21 silly currentTree +-- run-async@0.1.0
21 silly currentTree +-- rx-lite@3.1.2
21 silly currentTree +-- rx@4.1.0
21 silly currentTree +-- safe-buffer@5.0.1
21 silly currentTree +-- sax@1.2.2
21 silly currentTree +-- semver-greatest-satisfied-range@1.0.0
21 silly currentTree | `-- semver@4.3.6
21 silly currentTree +-- semver-regex@1.0.0
21 silly currentTree +-- semver@5.3.0
21 silly currentTree +-- send@0.14.1
21 silly currentTree | +-- etag@1.7.0
21 silly currentTree | `-- mime@1.3.4
21 silly currentTree +-- serve-index@1.8.0
21 silly currentTree +-- serve-static@1.11.1
21 silly currentTree +-- server-destroy@1.0.1
21 silly currentTree +-- set-blocking@2.0.0
21 silly currentTree +-- set-immediate-shim@1.0.1
21 silly currentTree +-- set-value@0.4.3
21 silly currentTree +-- setprototypeof@1.0.2
21 silly currentTree +-- shelljs@0.7.7
21 silly currentTree +-- signal-exit@3.0.2
21 silly currentTree +-- simple-fmt@0.1.0
21 silly currentTree +-- simple-is@0.2.0
21 silly currentTree +-- slice-ansi@0.0.4
21 silly currentTree +-- sntp@1.0.9
21 silly currentTree +-- socket.io-adapter@0.5.0
21 silly currentTree | +-- debug@2.3.3
21 silly currentTree | `-- ms@0.7.2
21 silly currentTree +-- socket.io-client@1.6.0
21 silly currentTree | +-- component-emitter@1.2.1
21 silly currentTree | +-- debug@2.3.3
21 silly currentTree | `-- ms@0.7.2
21 silly currentTree +-- socket.io-parser@2.3.1
21 silly currentTree | `-- isarray@0.0.1
21 silly currentTree +-- socket.io@1.6.0
21 silly currentTree | +-- debug@2.3.3
21 silly currentTree | +-- ms@0.7.2
21 silly currentTree | `-- object-assign@4.1.0
21 silly currentTree +-- sort-keys@1.1.2
21 silly currentTree +-- source-map-resolve@0.3.1
21 silly currentTree +-- source-map-url@0.3.0
21 silly currentTree +-- source-map@0.5.6
21 silly currentTree +-- sparkles@1.0.0
21 silly currentTree +-- spdx-correct@1.0.2
21 silly currentTree +-- spdx-expression-parse@1.0.4
21 silly currentTree +-- spdx-license-ids@1.2.2
21 silly currentTree +-- split@0.3.3
21 silly currentTree +-- sprintf-js@1.0.3
21 silly currentTree +-- sshpk@1.11.0
21 silly currentTree | `-- assert-plus@1.0.0
21 silly currentTree +-- stable@0.1.5
21 silly currentTree +-- stack-trace@0.0.9
21 silly currentTree +-- statuses@1.3.1
21 silly currentTree +-- stream-combiner@0.0.4
21 silly currentTree +-- stream-exhaust@1.0.1
21 silly currentTree +-- stream-shift@1.0.0
21 silly currentTree +-- stream-throttle@0.1.3
21 silly currentTree +-- stream-to-array@2.3.0
21 silly currentTree +-- streamfilter@1.0.5
21 silly currentTree +-- streamqueue@0.0.6
21 silly currentTree | +-- isarray@0.0.1
21 silly currentTree | `-- readable-stream@1.1.14
21 silly currentTree +-- strict-uri-encode@1.1.0
21 silly currentTree +-- string_decoder@0.10.31
21 silly currentTree +-- string-width@1.0.2
21 silly currentTree +-- stringmap@0.2.2
21 silly currentTree +-- stringset@0.2.1
21 silly currentTree +-- stringstream@0.0.5
21 silly currentTree +-- strip-ansi@3.0.1
21 silly currentTree +-- strip-bom-stream@1.0.0
21 silly currentTree +-- strip-bom@2.0.0
21 silly currentTree +-- strip-indent@1.0.1
21 silly currentTree +-- strip-json-comments@2.0.1
21 silly currentTree +-- supports-color@3.2.3
21 silly currentTree +-- svgo@0.7.2
21 silly currentTree | +-- esprima@2.7.3
21 silly currentTree | +-- js-yaml@3.7.0
21 silly currentTree | +-- minimist@0.0.8
21 silly currentTree | `-- mkdirp@0.5.1
21 silly currentTree +-- table@3.8.3
21 silly currentTree | +-- is-fullwidth-code-point@2.0.0
21 silly currentTree | +-- lodash@4.17.4
21 silly currentTree | `-- string-width@2.0.0
21 silly currentTree +-- ternary-stream@2.0.1
21 silly currentTree +-- text-table@0.2.0
21 silly currentTree +-- tfunk@3.1.0
21 silly currentTree +-- throttleit@1.0.0
21 silly currentTree +-- through@2.3.8
21 silly currentTree +-- through2-filter@2.0.0
21 silly currentTree +-- through2@2.0.3
21 silly currentTree +-- tildify@1.2.0
21 silly currentTree +-- time-stamp@1.0.1
21 silly currentTree +-- tmp@0.0.31
21 silly currentTree +-- to-absolute-glob@0.1.1
21 silly currentTree +-- to-array@0.1.4
21 silly currentTree +-- to-object-path@0.3.0
21 silly currentTree +-- toposort@0.2.12
21 silly currentTree +-- tough-cookie@2.3.2
21 silly currentTree +-- trim-newlines@1.0.0
21 silly currentTree +-- tryit@1.0.3
21 silly currentTree +-- tryor@0.1.2
21 silly currentTree +-- tunnel-agent@0.4.3
21 silly currentTree +-- tweetnacl@0.14.5
21 silly currentTree +-- type-check@0.3.2
21 silly currentTree +-- type-is@1.6.14
21 silly currentTree +-- typedarray@0.0.6
21 silly currentTree +-- ua-parser-js@0.7.12
21 silly currentTree +-- uglify-js@2.8.11
21 silly currentTree | +-- cliui@2.1.0
21 silly currentTree | +-- window-size@0.1.0
21 silly currentTree | +-- wordwrap@0.0.2
21 silly currentTree | `-- yargs@3.10.0
21 silly currentTree +-- uglify-save-license@0.4.1
21 silly currentTree +-- uglify-to-browserify@1.0.2
21 silly currentTree +-- ultron@1.0.2
21 silly currentTree +-- unc-path-regex@0.1.2
21 silly currentTree +-- underscore@1.7.0
21 silly currentTree +-- undertaker-forward-reference@0.1.0
21 silly currentTree | `-- undertaker-registry@0.0.3
21 silly currentTree +-- undertaker-registry@1.0.0
21 silly currentTree +-- undertaker@0.15.0
21 silly currentTree +-- union-value@0.2.4
21 silly currentTree +-- uniq@1.0.1
21 silly currentTree +-- uniqid@4.1.1
21 silly currentTree +-- uniqs@2.0.0
21 silly currentTree +-- unique-stream@2.2.1
21 silly currentTree +-- unpipe@1.0.0
21 silly currentTree +-- untildify@2.1.0
21 silly currentTree +-- upper-case@1.1.3
21 silly currentTree +-- urix@0.1.0
21 silly currentTree +-- user-home@2.0.0
21 silly currentTree +-- useragent@2.1.12
21 silly currentTree +-- useref@1.2.0
21 silly currentTree +-- util-deprecate@1.0.2
21 silly currentTree +-- utils-merge@1.0.0
21 silly currentTree +-- v8flags@2.0.11
21 silly currentTree | `-- user-home@1.1.1
21 silly currentTree +-- vali-date@1.0.0
21 silly currentTree +-- validate-npm-package-license@3.0.1
21 silly currentTree +-- vendors@1.0.1
21 silly currentTree +-- verror@1.3.6
21 silly currentTree +-- vinyl-file@1.3.0
21 silly currentTree +-- vinyl-fs@2.4.4
21 silly currentTree | +-- gulp-sourcemaps@1.6.0
21 silly currentTree | +-- minimist@0.0.8
21 silly currentTree | `-- mkdirp@0.5.1
21 silly currentTree +-- vinyl-sourcemaps-apply@0.2.1
21 silly currentTree +-- vinyl@1.2.0
21 silly currentTree +-- vlq@0.2.1
21 silly currentTree +-- void-elements@2.0.1
21 silly currentTree +-- weinre@2.0.0-pre-I0Z7U9OV
21 silly currentTree +-- whet.extend@0.9.9
21 silly currentTree +-- which-module@1.0.0
21 silly currentTree +-- which@1.2.12
21 silly currentTree +-- window-size@0.1.4
21 silly currentTree +-- wiredep-cli@0.1.0
21 silly currentTree +-- wiredep@4.0.0
21 silly currentTree | `-- lodash@4.17.4
21 silly currentTree +-- wordwrap@1.0.0
21 silly currentTree +-- wrap-ansi@2.1.0
21 silly currentTree +-- wrappy@1.0.2
21 silly currentTree +-- wreck@6.3.0
21 silly currentTree +-- write@0.2.1
21 silly currentTree | +-- minimist@0.0.8
21 silly currentTree | `-- mkdirp@0.5.1
21 silly currentTree +-- ws@1.1.1
21 silly currentTree +-- wtf-8@1.0.0
21 silly currentTree +-- xml-char-classes@1.0.0
21 silly currentTree +-- xmlbuilder@8.2.2
21 silly currentTree +-- xmlhttprequest-ssl@1.5.3
21 silly currentTree +-- xtend@4.0.1
21 silly currentTree +-- y18n@3.2.1
21 silly currentTree +-- yargs-parser@4.2.1
21 silly currentTree | `-- camelcase@3.0.0
21 silly currentTree +-- yargs@6.4.0
21 silly currentTree | +-- camelcase@3.0.0
21 silly currentTree | `-- window-size@0.2.0
21 silly currentTree +-- yauzl@2.4.1
21 silly currentTree `-- yeast@0.1.2
22 silly idealTree terresjury
22 silly idealTree +-- @types/angular-mocks@1.5.9
22 silly idealTree +-- @types/angular-ui-router@1.1.36
22 silly idealTree +-- @types/angular@1.6.9
22 silly idealTree +-- @types/jquery@2.0.40
22 silly idealTree +-- abbrev@1.1.0
22 silly idealTree +-- accepts@1.3.3
22 silly idealTree +-- acorn-jsx@3.0.1
22 silly idealTree +-- acorn-object-spread@1.0.0
22 silly idealTree +-- acorn@3.3.0
22 silly idealTree +-- after@0.8.1
22 silly idealTree +-- ajv-keywords@1.5.1
22 silly idealTree +-- ajv@4.11.4
22 silly idealTree +-- align-text@0.1.4
22 silly idealTree +-- alphanum-sort@1.0.2
22 silly idealTree +-- alter@0.2.0
22 silly idealTree +-- amdefine@1.0.1
22 silly idealTree +-- angular-mocks@1.6.3
22 silly idealTree +-- ansi-escapes@1.4.0
22 silly idealTree +-- ansi-regex@2.1.1
22 silly idealTree +-- ansi-styles@2.2.1
22 silly idealTree +-- any-promise@1.3.0
22 silly idealTree +-- anymatch@1.3.0
22 silly idealTree +-- archy@1.0.0
22 silly idealTree +-- argparse@1.0.9
22 silly idealTree +-- arr-diff@2.0.0
22 silly idealTree +-- arr-flatten@1.0.1
22 silly idealTree +-- arr-union@3.1.0
22 silly idealTree +-- array-differ@1.0.0
22 silly idealTree +-- array-find-index@1.0.2
22 silly idealTree +-- array-slice@0.2.3
22 silly idealTree +-- array-union@1.0.2
22 silly idealTree +-- array-uniq@1.0.3
22 silly idealTree +-- array-unique@0.2.1
22 silly idealTree +-- arraybuffer.slice@0.0.6
22 silly idealTree +-- arrify@1.0.1
22 silly idealTree +-- asn1@0.2.3
22 silly idealTree +-- assert-plus@0.2.0
22 silly idealTree +-- async-done@1.2.2
22 silly idealTree +-- async-each-series@0.1.1
22 silly idealTree +-- async-each@1.0.1
22 silly idealTree +-- async-settle@0.2.1
22 silly idealTree | +-- async-done@0.4.0
22 silly idealTree | +-- end-of-stream@0.1.5
22 silly idealTree | | `-- once@1.3.3
22 silly idealTree | `-- next-tick@0.2.2
22 silly idealTree +-- async@1.5.2
22 silly idealTree +-- asynckit@0.4.0
22 silly idealTree +-- atob@1.1.3
22 silly idealTree +-- autoprefixer@6.7.6
22 silly idealTree +-- aws-sign2@0.6.0
22 silly idealTree +-- aws4@1.6.0
22 silly idealTree +-- babel-code-frame@6.22.0
22 silly idealTree +-- bach@0.5.0
22 silly idealTree +-- backo2@1.0.2
22 silly idealTree +-- balanced-match@0.4.2
22 silly idealTree +-- base64-arraybuffer@0.1.5
22 silly idealTree +-- base64id@0.1.0
22 silly idealTree +-- batch@0.5.3
22 silly idealTree +-- bcrypt-pbkdf@1.0.1
22 silly idealTree +-- beeper@1.1.1
22 silly idealTree +-- better-assert@1.0.2
22 silly idealTree +-- binary-extensions@1.8.0
22 silly idealTree +-- blob@0.0.4
22 silly idealTree +-- bluebird@3.5.0
22 silly idealTree +-- body-parser@1.17.1
22 silly idealTree | +-- debug@2.6.1
22 silly idealTree | +-- http-errors@1.6.1
22 silly idealTree | +-- ms@0.7.2
22 silly idealTree | +-- qs@6.4.0
22 silly idealTree | `-- setprototypeof@1.0.3
22 silly idealTree +-- boom@2.10.1
22 silly idealTree +-- bower-config@1.4.0
22 silly idealTree +-- bower@1.8.0
22 silly idealTree +-- brace-expansion@1.1.6
22 silly idealTree +-- braces@1.8.5
22 silly idealTree +-- browser-sync-client@2.4.5
22 silly idealTree +-- browser-sync-spa@1.0.3
22 silly idealTree | `-- connect-history-api-fallback@0.0.5
22 silly idealTree +-- browser-sync-ui@0.6.3
22 silly idealTree +-- browser-sync@2.18.8
22 silly idealTree +-- browserslist@1.7.6
22 silly idealTree +-- bs-recipes@1.3.4
22 silly idealTree +-- buble@0.12.5
22 silly idealTree +-- bubleify@0.5.1
22 silly idealTree +-- buffer-shims@1.0.0
22 silly idealTree +-- bufferstreams@1.1.1
22 silly idealTree +-- builtin-modules@1.1.1
22 silly idealTree +-- bytes@2.4.0
22 silly idealTree +-- caller-path@0.1.0
22 silly idealTree +-- callsite@1.0.0
22 silly idealTree +-- callsites@0.2.0
22 silly idealTree +-- camel-case@3.0.0
22 silly idealTree +-- camelcase-keys@2.1.0
22 silly idealTree | `-- camelcase@2.1.1
22 silly idealTree +-- camelcase@1.2.1
22 silly idealTree +-- caniuse-api@1.5.3
22 silly idealTree +-- caniuse-db@1.0.30000634
22 silly idealTree +-- caseless@0.11.0
22 silly idealTree +-- center-align@0.1.3
22 silly idealTree +-- chalk@1.1.3
22 silly idealTree | `-- supports-color@2.0.0
22 silly idealTree +-- chokidar@1.6.1
22 silly idealTree +-- circular-json@0.3.1
22 silly idealTree +-- clap@1.1.2
22 silly idealTree +-- clean-css@4.0.8
22 silly idealTree +-- cli-cursor@1.0.2
22 silly idealTree +-- cli-width@2.1.0
22 silly idealTree +-- cliui@3.2.0
22 silly idealTree +-- clone-stats@0.0.1
22 silly idealTree +-- clone@1.0.2
22 silly idealTree +-- co@4.6.0
22 silly idealTree +-- coa@1.0.1
22 silly idealTree +-- code-point-at@1.1.0
22 silly idealTree +-- color-convert@1.9.0
22 silly idealTree +-- color-name@1.1.1
22 silly idealTree +-- color-string@0.3.0
22 silly idealTree +-- color@0.11.4
22 silly idealTree +-- colormin@1.1.2
22 silly idealTree +-- colors@1.1.2
22 silly idealTree +-- combine-lists@1.0.1
22 silly idealTree | `-- lodash@4.17.4
22 silly idealTree +-- combined-stream@1.0.5
22 silly idealTree +-- commander@2.9.0
22 silly idealTree +-- component-bind@1.0.0
22 silly idealTree +-- component-emitter@1.1.2
22 silly idealTree +-- component-inherit@0.0.3
22 silly idealTree +-- concat-map@0.0.1
22 silly idealTree +-- concat-stream@1.6.0
22 silly idealTree +-- concat-with-sourcemaps@1.0.4
22 silly idealTree +-- connect-history-api-fallback@1.3.0
22 silly idealTree +-- connect@3.5.0
22 silly idealTree +-- content-type@1.0.2
22 silly idealTree +-- convert-source-map@1.4.0
22 silly idealTree +-- cookie@0.3.1
22 silly idealTree +-- core-js@2.4.1
22 silly idealTree +-- core-util-is@1.0.2
22 silly idealTree +-- cosmiconfig@2.1.1
22 silly idealTree +-- cryptiles@2.0.5
22 silly idealTree +-- css-color-names@0.0.4
22 silly idealTree +-- css@2.2.1
22 silly idealTree | `-- source-map@0.1.43
22 silly idealTree +-- cssnano@3.10.0
22 silly idealTree +-- csso@2.3.1
22 silly idealTree +-- currently-unhandled@0.4.1
22 silly idealTree +-- custom-event@1.0.1
22 silly idealTree +-- d@0.1.1
22 silly idealTree +-- dashdash@1.14.1
22 silly idealTree | `-- assert-plus@1.0.0
22 silly idealTree +-- dateformat@2.0.0
22 silly idealTree +-- debug-fabulous@0.0.4
22 silly idealTree | `-- object-assign@4.1.0
22 silly idealTree +-- debug@2.2.0
22 silly idealTree +-- decamelize@1.2.0
22 silly idealTree +-- deep-is@0.1.3
22 silly idealTree +-- default-resolution@2.0.0
22 silly idealTree +-- defined@1.0.0
22 silly idealTree +-- del@2.2.2
22 silly idealTree +-- delayed-stream@1.0.0
22 silly idealTree +-- depd@1.1.0
22 silly idealTree +-- destroy@1.0.4
22 silly idealTree +-- detect-file@0.1.0
22 silly idealTree +-- detect-newline@2.1.0
22 silly idealTree +-- dev-ip@1.0.1
22 silly idealTree +-- di@0.0.1
22 silly idealTree +-- doctrine@1.5.0
22 silly idealTree +-- dom-serialize@2.2.1
22 silly idealTree +-- duplexer@0.1.1
22 silly idealTree +-- duplexer2@0.0.2
22 silly idealTree | +-- isarray@0.0.1
22 silly idealTree | `-- readable-stream@1.1.14
22 silly idealTree +-- duplexify@3.5.0
22 silly idealTree | +-- end-of-stream@1.0.0
22 silly idealTree | `-- once@1.3.3
22 silly idealTree +-- easy-extender@2.3.2
22 silly idealTree +-- eazy-logger@3.0.2
22 silly idealTree +-- ecc-jsbn@0.1.1
22 silly idealTree +-- ee-first@1.1.1
22 silly idealTree +-- electron-to-chromium@1.2.6
22 silly idealTree +-- emitter-steward@1.0.0
22 silly idealTree +-- encodeurl@1.0.1
22 silly idealTree +-- end-of-stream@1.1.0
22 silly idealTree | `-- once@1.3.3
22 silly idealTree +-- engine.io-client@1.8.0
22 silly idealTree | +-- component-emitter@1.2.1
22 silly idealTree | +-- debug@2.3.3
22 silly idealTree | `-- ms@0.7.2
22 silly idealTree +-- engine.io-parser@1.3.1
22 silly idealTree | +-- has-binary@0.1.6
22 silly idealTree | `-- isarray@0.0.1
22 silly idealTree +-- engine.io@1.8.0
22 silly idealTree | +-- debug@2.3.3
22 silly idealTree | `-- ms@0.7.2
22 silly idealTree +-- ent@2.2.0
22 silly idealTree +-- error-ex@1.3.1
22 silly idealTree +-- es5-ext@0.10.12
22 silly idealTree +-- es6-iterator@2.0.0
22 silly idealTree +-- es6-map@0.1.4
22 silly idealTree +-- es6-promise@4.0.5
22 silly idealTree +-- es6-set@0.1.4
22 silly idealTree +-- es6-shim@0.35.3
22 silly idealTree +-- es6-symbol@3.1.0
22 silly idealTree +-- es6-weak-map@2.0.1
22 silly idealTree +-- escape-html@1.0.3
22 silly idealTree +-- escape-string-regexp@1.0.5
22 silly idealTree +-- escodegen@1.8.1
22 silly idealTree | +-- esprima@2.7.3
22 silly idealTree | +-- estraverse@1.9.3
22 silly idealTree | `-- source-map@0.2.0
22 silly idealTree +-- escope@3.6.0
22 silly idealTree +-- eslint-config-angular@0.5.0
22 silly idealTree +-- eslint-config-xo-space@0.15.0
22 silly idealTree +-- eslint-config-xo@0.17.0
22 silly idealTree +-- eslint-plugin-angular@1.6.2
22 silly idealTree +-- eslint@3.17.1
22 silly idealTree | +-- lodash@4.17.4
22 silly idealTree | +-- minimist@0.0.8
22 silly idealTree | +-- mkdirp@0.5.1
22 silly idealTree | `-- strip-bom@3.0.0
22 silly idealTree +-- espree@3.4.0
22 silly idealTree | `-- acorn@4.0.4
22 silly idealTree +-- esprima@3.1.3
22 silly idealTree +-- esrecurse@4.1.0
22 silly idealTree | `-- estraverse@4.1.1
22 silly idealTree +-- estraverse@4.2.0
22 silly idealTree +-- esutils@2.0.2
22 silly idealTree +-- etag@1.8.0
22 silly idealTree +-- event-emitter@0.3.4
22 silly idealTree +-- event-stream@3.3.4
22 silly idealTree +-- eventemitter3@1.2.0
22 silly idealTree +-- exit-hook@1.1.1
22 silly idealTree +-- exit@0.1.2
22 silly idealTree +-- expand-braces@0.1.2
22 silly idealTree | +-- braces@0.1.5
22 silly idealTree | +-- expand-range@0.1.1
22 silly idealTree | +-- is-number@0.1.1
22 silly idealTree | `-- repeat-string@0.2.2
22 silly idealTree +-- expand-brackets@0.1.5
22 silly idealTree +-- expand-range@1.8.2
22 silly idealTree +-- expand-tilde@1.2.2
22 silly idealTree +-- express@2.5.11
22 silly idealTree | +-- connect@1.9.2
22 silly idealTree | `-- qs@0.4.2
22 silly idealTree +-- extend-shallow@2.0.1
22 silly idealTree +-- extend@3.0.0
22 silly idealTree +-- extglob@0.3.2
22 silly idealTree +-- extract-zip@1.5.0
22 silly idealTree | +-- concat-stream@1.5.0
22 silly idealTree | +-- debug@0.7.4
22 silly idealTree | +-- minimist@0.0.8
22 silly idealTree | +-- mkdirp@0.5.0
22 silly idealTree | `-- readable-stream@2.0.6
22 silly idealTree +-- extsprintf@1.0.2
22 silly idealTree +-- fancy-log@1.3.0
22 silly idealTree +-- fast-levenshtein@2.0.6
22 silly idealTree +-- fd-slicer@1.0.1
22 silly idealTree +-- figures@1.7.0
22 silly idealTree +-- file-entry-cache@2.0.0
22 silly idealTree +-- filename-regex@2.0.0
22 silly idealTree +-- fill-range@2.2.3
22 silly idealTree +-- finalhandler@0.5.0
22 silly idealTree +-- find-up@1.1.2
22 silly idealTree +-- findup-sync@0.4.3
22 silly idealTree +-- fined@1.0.2
22 silly idealTree +-- first-chunk-stream@1.0.0
22 silly idealTree +-- flagged-respawn@0.3.2
22 silly idealTree +-- flat-cache@1.2.2
22 silly idealTree +-- flatten@1.0.2
22 silly idealTree +-- for-in@1.0.2
22 silly idealTree +-- for-own@0.1.5
22 silly idealTree +-- forever-agent@0.6.1
22 silly idealTree +-- fork-stream@0.0.4
22 silly idealTree +-- form-data@2.1.2
22 silly idealTree +-- formidable@1.0.17
22 silly idealTree +-- fresh@0.3.0
22 silly idealTree +-- from@0.1.3
22 silly idealTree +-- fs-exists-sync@0.1.0
22 silly idealTree +-- fs-extra@1.0.0
22 silly idealTree +-- fs.realpath@1.0.0
22 silly idealTree +-- function-bind@1.1.0
22 silly idealTree +-- fwd@0.2.2
22 silly idealTree +-- generate-function@2.0.0
22 silly idealTree +-- generate-object-property@1.2.0
22 silly idealTree +-- get-caller-file@1.0.2
22 silly idealTree +-- get-stdin@4.0.1
22 silly idealTree +-- get-value@2.0.6
22 silly idealTree +-- getpass@0.1.6
22 silly idealTree | `-- assert-plus@1.0.0
22 silly idealTree +-- glob-base@0.3.0
22 silly idealTree +-- glob-parent@2.0.0
22 silly idealTree +-- glob-stream@5.3.5
22 silly idealTree | +-- glob-parent@3.1.0
22 silly idealTree | +-- glob@5.0.15
22 silly idealTree | +-- is-extglob@2.1.1
22 silly idealTree | +-- is-glob@3.1.0
22 silly idealTree | +-- isarray@0.0.1
22 silly idealTree | +-- readable-stream@1.0.34
22 silly idealTree | `-- through2@0.6.5
22 silly idealTree +-- glob-watcher@3.1.0
22 silly idealTree +-- glob@7.1.1
22 silly idealTree +-- global-modules@0.2.3
22 silly idealTree +-- global-prefix@0.1.5
22 silly idealTree +-- globals@9.16.0
22 silly idealTree +-- globby@5.0.0
22 silly idealTree +-- glogg@1.0.0
22 silly idealTree +-- graceful-fs@4.1.11
22 silly idealTree +-- graceful-readlink@1.0.1
22 silly idealTree +-- group-array@0.3.2
22 silly idealTree +-- gulp-angular-filesort@1.1.1
22 silly idealTree +-- gulp-angular-templatecache@2.0.0
22 silly idealTree | +-- dateformat@1.0.12
22 silly idealTree | +-- event-stream@3.3.2
22 silly idealTree | +-- gulp-util@3.0.7
22 silly idealTree | +-- object-assign@3.0.0
22 silly idealTree | `-- vinyl@0.5.3
22 silly idealTree +-- gulp-concat@2.6.0
22 silly idealTree | +-- isarray@0.0.1
22 silly idealTree | +-- readable-stream@1.0.34
22 silly idealTree | `-- through2@0.6.5
22 silly idealTree +-- gulp-cssnano@2.1.2
22 silly idealTree +-- gulp-eslint@3.0.1
22 silly idealTree +-- gulp-filter@5.0.0
22 silly idealTree +-- gulp-footer@1.0.5
22 silly idealTree +-- gulp-header@1.8.2
22 silly idealTree +-- gulp-htmlmin@3.0.0
22 silly idealTree +-- gulp-hub@4.1.0
22 silly idealTree | `-- glob@5.0.15
22 silly idealTree +-- gulp-if@2.0.2
22 silly idealTree +-- gulp-inject@4.2.0
22 silly idealTree +-- gulp-insert@0.5.0
22 silly idealTree | +-- isarray@0.0.1
22 silly idealTree | `-- readable-stream@1.1.14
22 silly idealTree +-- gulp-match@1.0.3
22 silly idealTree +-- gulp-ng-annotate@2.0.0
22 silly idealTree +-- gulp-postcss@6.3.0
22 silly idealTree +-- gulp-rev-replace@0.4.3
22 silly idealTree +-- gulp-rev@7.1.2
22 silly idealTree +-- gulp-sourcemaps@2.4.1
22 silly idealTree | +-- acorn@4.0.11
22 silly idealTree | `-- strip-bom@3.0.0
22 silly idealTree +-- gulp-uglify@2.1.0
22 silly idealTree | `-- lodash@4.17.4
22 silly idealTree +-- gulp-useref@3.1.2
22 silly idealTree +-- gulp-util@3.0.8
22 silly idealTree | +-- object-assign@3.0.0
22 silly idealTree | `-- vinyl@0.5.3
22 silly idealTree +-- gulp@4.0.0-alpha.2
22 silly idealTree | +-- camelcase@2.1.1
22 silly idealTree | +-- gulp-cli@1.2.2
22 silly idealTree | `-- yargs@3.32.0
22 silly idealTree +-- gulplog@1.0.0
22 silly idealTree +-- handlebars@4.0.6
22 silly idealTree | `-- source-map@0.4.4
22 silly idealTree +-- har-validator@2.0.6
22 silly idealTree +-- has-ansi@2.0.0
22 silly idealTree +-- has-binary@0.1.7
22 silly idealTree | `-- isarray@0.0.1
22 silly idealTree +-- has-cors@1.1.0
22 silly idealTree +-- has-flag@1.0.0
22 silly idealTree +-- has-gulplog@0.1.0
22 silly idealTree +-- has@1.0.1
22 silly idealTree +-- hasha@2.2.0
22 silly idealTree +-- hawk@3.1.3
22 silly idealTree +-- he@1.1.1
22 silly idealTree +-- hoek@2.16.3
22 silly idealTree +-- homedir-polyfill@1.0.1
22 silly idealTree +-- hosted-git-info@2.2.0
22 silly idealTree +-- html-comment-regex@1.1.1
22 silly idealTree +-- html-minifier@3.4.0
22 silly idealTree +-- http-errors@1.5.1
22 silly idealTree +-- http-proxy@1.15.2
22 silly idealTree +-- http-signature@1.1.1
22 silly idealTree +-- iconv-lite@0.4.15
22 silly idealTree +-- ignore@3.2.4
22 silly idealTree +-- immutable@3.8.1
22 silly idealTree +-- imurmurhash@0.1.4
22 silly idealTree +-- indent-string@2.1.0
22 silly idealTree +-- indexes-of@1.0.1
22 silly idealTree +-- indexof@0.0.1
22 silly idealTree +-- inflight@1.0.6
22 silly idealTree +-- inherits@2.0.3
22 silly idealTree +-- ini@1.3.4
22 silly idealTree +-- inquirer@0.12.0
22 silly idealTree | `-- lodash@4.17.4
22 silly idealTree +-- interpret@1.0.1
22 silly idealTree +-- invert-kv@1.0.0
22 silly idealTree +-- is-absolute-url@2.1.0
22 silly idealTree +-- is-absolute@0.2.6
22 silly idealTree +-- is-arrayish@0.2.1
22 silly idealTree +-- is-binary-path@1.0.1
22 silly idealTree +-- is-buffer@1.1.4
22 silly idealTree +-- is-builtin-module@1.0.0
22 silly idealTree +-- is-dotfile@1.0.2
22 silly idealTree +-- is-equal-shallow@0.1.3
22 silly idealTree +-- is-extendable@0.1.1
22 silly idealTree +-- is-extglob@1.0.0
22 silly idealTree +-- is-finite@1.0.2
22 silly idealTree +-- is-fullwidth-code-point@1.0.0
22 silly idealTree +-- is-glob@2.0.1
22 silly idealTree +-- is-my-json-valid@2.16.0
22 silly idealTree +-- is-number-like@1.0.7
22 silly idealTree +-- is-number@2.1.0
22 silly idealTree +-- is-path-cwd@1.0.0
22 silly idealTree +-- is-path-in-cwd@1.0.0
22 silly idealTree +-- is-path-inside@1.0.0
22 silly idealTree +-- is-plain-obj@1.1.0
22 silly idealTree +-- is-plain-object@2.0.1
22 silly idealTree | `-- isobject@1.0.2
22 silly idealTree +-- is-posix-bracket@0.1.1
22 silly idealTree +-- is-primitive@2.0.0
22 silly idealTree +-- is-property@1.0.2
22 silly idealTree +-- is-relative-url@1.0.0
22 silly idealTree | `-- is-absolute-url@1.0.0
22 silly idealTree +-- is-relative@0.2.1
22 silly idealTree +-- is-resolvable@1.0.0
22 silly idealTree +-- is-stream@1.1.0
22 silly idealTree +-- is-svg@2.1.0
22 silly idealTree +-- is-typedarray@1.0.0
22 silly idealTree +-- is-unc-path@0.1.2
22 silly idealTree +-- is-utf8@0.2.1
22 silly idealTree +-- is-valid-glob@0.3.0
22 silly idealTree +-- is-windows@0.2.0
22 silly idealTree +-- isarray@1.0.0
22 silly idealTree +-- isbinaryfile@3.0.2
22 silly idealTree +-- isexe@1.1.2
22 silly idealTree +-- isobject@2.1.0
22 silly idealTree +-- isstream@0.1.2
22 silly idealTree +-- istanbul@0.4.5
22 silly idealTree | +-- abbrev@1.0.9
22 silly idealTree | +-- esprima@2.7.3
22 silly idealTree | +-- glob@5.0.15
22 silly idealTree | +-- minimist@0.0.8
22 silly idealTree | +-- mkdirp@0.5.1
22 silly idealTree | `-- resolve@1.1.7
22 silly idealTree +-- jasmine-core@2.5.2
22 silly idealTree +-- jasmine@2.5.3
22 silly idealTree +-- jodid25519@1.0.2
22 silly idealTree +-- js-base64@2.1.9
22 silly idealTree +-- js-tokens@3.0.1
22 silly idealTree +-- js-yaml@3.8.2
22 silly idealTree +-- jsbn@0.1.1
22 silly idealTree +-- jsesc@2.2.0
22 silly idealTree +-- json-schema@0.2.3
22 silly idealTree +-- json-stable-stringify@1.0.1
22 silly idealTree +-- json-stringify-safe@5.0.1
22 silly idealTree +-- json3@3.3.2
22 silly idealTree +-- jsonfile@2.4.0
22 silly idealTree +-- jsonify@0.0.0
22 silly idealTree +-- jsonpointer@4.0.1
22 silly idealTree +-- jsprim@1.3.1
22 silly idealTree +-- karma-angular-filesort@1.0.2
22 silly idealTree | +-- esprima@2.7.3
22 silly idealTree | +-- estraverse@1.9.3
22 silly idealTree | `-- ng-dependencies@0.3.0
22 silly idealTree +-- karma-coverage@1.1.1
22 silly idealTree | `-- dateformat@1.0.12
22 silly idealTree +-- karma-jasmine@1.1.0
22 silly idealTree +-- karma-junit-reporter@1.2.0
22 silly idealTree +-- karma-ng-html2js-preprocessor@1.0.0
22 silly idealTree +-- karma-phantomjs-launcher@1.0.3
22 silly idealTree | `-- lodash@4.17.4
22 silly idealTree +-- karma-phantomjs-shim@1.4.0
22 silly idealTree +-- karma@1.5.0
22 silly idealTree | +-- after@0.8.2
22 silly idealTree | +-- base64id@1.0.0
22 silly idealTree | +-- component-emitter@1.2.1
22 silly idealTree | +-- connect@3.6.0
22 silly idealTree | +-- debug@2.6.1
22 silly idealTree | +-- engine.io-client@1.8.3
22 silly idealTree | | `-- debug@2.3.3
22 silly idealTree | +-- engine.io-parser@1.3.2
22 silly idealTree | +-- engine.io@1.8.3
22 silly idealTree | | `-- debug@2.3.3
22 silly idealTree | +-- finalhandler@1.0.0
22 silly idealTree | +-- mime@1.3.4
22 silly idealTree | +-- ms@0.7.2
22 silly idealTree | +-- object-assign@4.1.0
22 silly idealTree | +-- socket.io-client@1.7.3
22 silly idealTree | | `-- debug@2.3.3
22 silly idealTree | +-- socket.io@1.7.3
22 silly idealTree | | `-- debug@2.3.3
22 silly idealTree | `-- ws@1.1.2
22 silly idealTree +-- kew@0.7.0
22 silly idealTree +-- kind-of@3.1.0
22 silly idealTree +-- klaw@1.3.1
22 silly idealTree +-- last-run@1.1.1
22 silly idealTree +-- lazy-cache@1.0.4
22 silly idealTree +-- lazy-debug-legacy@0.0.1
22 silly idealTree +-- lazypipe@1.0.1
22 silly idealTree +-- lazystream@1.0.0
22 silly idealTree +-- lcid@1.0.0
22 silly idealTree +-- levn@0.3.0
22 silly idealTree +-- liftoff@2.3.0
22 silly idealTree +-- limiter@1.1.0
22 silly idealTree +-- load-json-file@1.1.0
22 silly idealTree +-- localtunnel@1.8.2
22 silly idealTree | `-- yargs@3.29.0
22 silly idealTree +-- lodash._basecopy@3.0.1
22 silly idealTree +-- lodash._basetostring@3.0.1
22 silly idealTree +-- lodash._basevalues@3.0.0
22 silly idealTree +-- lodash._getnative@3.9.1
22 silly idealTree +-- lodash._isiterateecall@3.0.9
22 silly idealTree +-- lodash._reescape@3.0.0
22 silly idealTree +-- lodash._reevaluate@3.0.0
22 silly idealTree +-- lodash._reinterpolate@3.0.0
22 silly idealTree +-- lodash._root@3.0.1
22 silly idealTree +-- lodash.assign@4.2.0
22 silly idealTree +-- lodash.assignwith@4.2.0
22 silly idealTree +-- lodash.debounce@4.0.8
22 silly idealTree +-- lodash.defaults@4.2.0
22 silly idealTree +-- lodash.escape@3.2.0
22 silly idealTree +-- lodash.filter@4.6.0
22 silly idealTree +-- lodash.flatten@4.4.0
22 silly idealTree +-- lodash.foreach@4.5.0
22 silly idealTree +-- lodash.initial@4.1.1
22 silly idealTree +-- lodash.isarguments@3.1.0
22 silly idealTree +-- lodash.isarray@3.0.4
22 silly idealTree +-- lodash.isempty@4.4.0
22 silly idealTree +-- lodash.isequal@4.5.0
22 silly idealTree +-- lodash.isfinite@3.3.2
22 silly idealTree +-- lodash.isfunction@3.0.8
22 silly idealTree +-- lodash.isplainobject@4.0.6
22 silly idealTree +-- lodash.isstring@4.0.1
22 silly idealTree +-- lodash.keys@3.1.2
22 silly idealTree +-- lodash.last@3.0.0
22 silly idealTree +-- lodash.map@4.6.0
22 silly idealTree +-- lodash.mapvalues@4.6.0
22 silly idealTree +-- lodash.memoize@4.1.2
22 silly idealTree +-- lodash.pick@4.4.0
22 silly idealTree +-- lodash.reduce@4.6.0
22 silly idealTree +-- lodash.restparam@3.6.1
22 silly idealTree +-- lodash.sortby@4.7.0
22 silly idealTree +-- lodash.template@3.6.2
22 silly idealTree +-- lodash.templatesettings@3.1.1
22 silly idealTree +-- lodash.uniq@4.5.0
22 silly idealTree +-- lodash@3.10.1
22 silly idealTree +-- log4js@0.6.38
22 silly idealTree | +-- isarray@0.0.1
22 silly idealTree | +-- readable-stream@1.0.34
22 silly idealTree | `-- semver@4.3.6
22 silly idealTree +-- longest@1.0.1
22 silly idealTree +-- loud-rejection@1.6.0
22 silly idealTree +-- lower-case@1.1.4
22 silly idealTree +-- lru-cache@2.2.4
22 silly idealTree +-- macaddress@0.2.8
22 silly idealTree +-- magic-string@0.14.0
22 silly idealTree +-- main-bower-files@2.13.1
22 silly idealTree | +-- extend@2.0.1
22 silly idealTree | +-- glob@5.0.15
22 silly idealTree | +-- globby@2.1.0
22 silly idealTree | +-- object-assign@3.0.0
22 silly idealTree | +-- path-exists@1.0.0
22 silly idealTree | `-- strip-json-comments@1.0.4
22 silly idealTree +-- make-error-cause@1.2.2
22 silly idealTree +-- make-error@1.2.3
22 silly idealTree +-- map-cache@0.2.2
22 silly idealTree +-- map-obj@1.0.1
22 silly idealTree +-- map-stream@0.1.0
22 silly idealTree +-- matchdep@1.0.1
22 silly idealTree | +-- findup-sync@0.3.0
22 silly idealTree | +-- glob@5.0.15
22 silly idealTree | `-- resolve@1.1.7
22 silly idealTree +-- math-expression-evaluator@1.2.16
22 silly idealTree +-- media-typer@0.3.0
22 silly idealTree +-- meow@3.7.0
22 silly idealTree +-- merge-stream@1.0.1
22 silly idealTree +-- merge@1.2.0
22 silly idealTree +-- micromatch@2.3.11
22 silly idealTree +-- mime-db@1.26.0
22 silly idealTree +-- mime-types@2.1.14
22 silly idealTree +-- mime@1.2.4
22 silly idealTree +-- minimatch@3.0.3
22 silly idealTree +-- minimist@1.2.0
22 silly idealTree +-- mkdirp@0.3.0
22 silly idealTree +-- modify-filename@1.1.0
22 silly idealTree +-- mout@1.0.0
22 silly idealTree +-- ms@0.7.1
22 silly idealTree +-- multimatch@2.1.0
22 silly idealTree +-- multipipe@0.1.2
22 silly idealTree +-- mute-stdout@1.0.0
22 silly idealTree +-- mute-stream@0.0.5
22 silly idealTree +-- natural-compare@1.4.0
22 silly idealTree +-- ncname@1.0.0
22 silly idealTree +-- negotiator@0.6.1
22 silly idealTree +-- next-tick@1.0.0
22 silly idealTree +-- ng-annotate@1.2.1
22 silly idealTree | +-- acorn@2.6.4
22 silly idealTree | `-- convert-source-map@1.1.3
22 silly idealTree +-- ng-dependencies@0.2.0
22 silly idealTree | +-- esprima@1.2.5
22 silly idealTree | `-- estraverse@1.9.3
22 silly idealTree +-- no-case@2.3.1
22 silly idealTree +-- node-uuid@1.4.7
22 silly idealTree +-- nopt@3.0.6
22 silly idealTree +-- normalize-package-data@2.3.6
22 silly idealTree +-- normalize-path@2.0.1
22 silly idealTree +-- normalize-range@0.1.2
22 silly idealTree +-- normalize-url@1.9.0
22 silly idealTree +-- now-and-later@0.0.6
22 silly idealTree +-- num2fraction@1.2.2
22 silly idealTree +-- number-is-nan@1.0.1
22 silly idealTree +-- oauth-sign@0.8.2
22 silly idealTree +-- object-assign@4.1.1
22 silly idealTree +-- object-component@0.0.3
22 silly idealTree +-- object-path@0.9.2
22 silly idealTree +-- object.omit@2.0.1
22 silly idealTree +-- on-finished@2.3.0
22 silly idealTree +-- once@1.4.0
22 silly idealTree +-- onetime@1.1.0
22 silly idealTree +-- openurl@1.1.0
22 silly idealTree +-- opn@4.0.2
22 silly idealTree +-- opt-merger@1.1.1
22 silly idealTree +-- optimist@0.6.1
22 silly idealTree | +-- minimist@0.0.10
22 silly idealTree | `-- wordwrap@0.0.3
22 silly idealTree +-- optionator@0.8.2
22 silly idealTree +-- options@0.0.6
22 silly idealTree +-- ordered-ast-traverse@1.1.1
22 silly idealTree +-- ordered-esprima-props@1.1.0
22 silly idealTree +-- ordered-read-streams@0.3.0
22 silly idealTree +-- os-homedir@1.0.2
22 silly idealTree +-- os-locale@1.4.0
22 silly idealTree +-- os-tmpdir@1.0.2
22 silly idealTree +-- osenv@0.1.4
22 silly idealTree +-- param-case@2.1.0
22 silly idealTree +-- parse-filepath@1.0.1
22 silly idealTree +-- parse-glob@3.0.4
22 silly idealTree +-- parse-json@2.2.0
22 silly idealTree +-- parse-passwd@1.0.0
22 silly idealTree +-- parsejson@0.0.3
22 silly idealTree +-- parseqs@0.0.5
22 silly idealTree +-- parseuri@0.0.5
22 silly idealTree +-- parseurl@1.3.1
22 silly idealTree +-- path-dirname@1.0.2
22 silly idealTree +-- path-exists@2.1.0
22 silly idealTree +-- path-is-absolute@1.0.1
22 silly idealTree +-- path-is-inside@1.0.2
22 silly idealTree +-- path-parse@1.0.5
22 silly idealTree +-- path-root-regex@0.1.2
22 silly idealTree +-- path-root@0.1.1
22 silly idealTree +-- path-type@1.1.0
22 silly idealTree +-- pause-stream@0.0.11
22 silly idealTree +-- pend@1.2.0
22 silly idealTree +-- phantomjs-prebuilt@2.1.14
22 silly idealTree | +-- qs@6.3.2
22 silly idealTree | +-- request@2.79.0
22 silly idealTree | `-- uuid@3.0.1
22 silly idealTree +-- pify@2.3.0
22 silly idealTree +-- pinkie-promise@2.0.1
22 silly idealTree +-- pinkie@2.0.4
22 silly idealTree +-- pluralize@1.2.1
22 silly idealTree +-- portscanner@2.1.1
22 silly idealTree +-- postcss-calc@5.3.1
22 silly idealTree +-- postcss-colormin@2.2.2
22 silly idealTree +-- postcss-convert-values@2.6.1
22 silly idealTree +-- postcss-discard-comments@2.0.4
22 silly idealTree +-- postcss-discard-duplicates@2.1.0
22 silly idealTree +-- postcss-discard-empty@2.1.0
22 silly idealTree +-- postcss-discard-overridden@0.1.1
22 silly idealTree +-- postcss-discard-unused@2.2.3
22 silly idealTree +-- postcss-filter-plugins@2.0.2
22 silly idealTree +-- postcss-load-config@1.2.0
22 silly idealTree +-- postcss-load-options@1.2.0
22 silly idealTree +-- postcss-load-plugins@2.3.0
22 silly idealTree +-- postcss-merge-idents@2.1.7
22 silly idealTree +-- postcss-merge-longhand@2.0.2
22 silly idealTree +-- postcss-merge-rules@2.1.2
22 silly idealTree +-- postcss-message-helpers@2.0.0
22 silly idealTree +-- postcss-minify-font-values@1.0.5
22 silly idealTree +-- postcss-minify-gradients@1.0.5
22 silly idealTree +-- postcss-minify-params@1.2.2
22 silly idealTree +-- postcss-minify-selectors@2.1.1
22 silly idealTree +-- postcss-normalize-charset@1.1.1
22 silly idealTree +-- postcss-normalize-url@3.0.8
22 silly idealTree +-- postcss-ordered-values@2.2.3
22 silly idealTree +-- postcss-reduce-idents@2.4.0
22 silly idealTree +-- postcss-reduce-initial@1.0.1
22 silly idealTree +-- postcss-reduce-transforms@1.0.4
22 silly idealTree +-- postcss-selector-parser@2.2.3
22 silly idealTree +-- postcss-svgo@2.1.6
22 silly idealTree +-- postcss-unique-selectors@2.0.2
22 silly idealTree +-- postcss-value-parser@3.3.0
22 silly idealTree +-- postcss-zindex@2.2.0
22 silly idealTree +-- postcss@5.2.16
22 silly idealTree +-- prelude-ls@1.1.2
22 silly idealTree +-- prepend-http@1.0.4
22 silly idealTree +-- preserve@0.2.0
22 silly idealTree +-- pretty-hrtime@1.0.3
22 silly idealTree +-- process-nextick-args@1.0.7
22 silly idealTree +-- progress@1.1.8
22 silly idealTree +-- propprop@0.3.1
22 silly idealTree +-- punycode@1.4.1
22 silly idealTree +-- q@1.4.1
22 silly idealTree +-- qjobs@1.1.5
22 silly idealTree +-- qs@6.2.1
22 silly idealTree +-- query-string@4.3.2
22 silly idealTree +-- randomatic@1.1.6
22 silly idealTree +-- range-parser@1.2.0
22 silly idealTree +-- raw-body@2.2.0
22 silly idealTree +-- read-pkg-up@1.0.1
22 silly idealTree +-- read-pkg@1.1.0
22 silly idealTree +-- readable-stream@2.2.3
22 silly idealTree +-- readdirp@2.1.0
22 silly idealTree +-- readline2@1.0.1
22 silly idealTree +-- rechoir@0.6.2
22 silly idealTree +-- redent@1.0.0
22 silly idealTree +-- reduce-css-calc@1.3.0
22 silly idealTree +-- reduce-function-call@1.0.2
22 silly idealTree +-- regex-cache@0.4.3
22 silly idealTree +-- relateurl@0.2.7
22 silly idealTree +-- repeat-element@1.1.2
22 silly idealTree +-- repeat-string@1.6.1
22 silly idealTree +-- repeating@2.0.1
22 silly idealTree +-- replace-ext@0.0.1
22 silly idealTree +-- request-progress@2.0.1
22 silly idealTree +-- request@2.78.0
22 silly idealTree | `-- qs@6.3.2
22 silly idealTree +-- require-directory@2.1.1
22 silly idealTree +-- require-from-string@1.2.1
22 silly idealTree +-- require-main-filename@1.0.1
22 silly idealTree +-- require-uncached@1.0.3
22 silly idealTree +-- requires-port@1.0.0
22 silly idealTree +-- resolve-dir@0.1.1
22 silly idealTree +-- resolve-from@1.0.1
22 silly idealTree +-- resolve-url@0.2.1
22 silly idealTree +-- resolve@1.3.2
22 silly idealTree +-- resp-modifier@6.0.2
22 silly idealTree +-- restore-cursor@1.0.1
22 silly idealTree +-- rev-hash@1.0.0
22 silly idealTree +-- rev-path@1.0.0
22 silly idealTree +-- right-align@0.1.3
22 silly idealTree +-- rimraf@2.6.1
22 silly idealTree +-- run-async@0.1.0
22 silly idealTree +-- rx-lite@3.1.2
22 silly idealTree +-- rx@4.1.0
22 silly idealTree +-- safe-buffer@5.0.1
22 silly idealTree +-- sax@1.2.2
22 silly idealTree +-- semver-greatest-satisfied-range@1.0.0
22 silly idealTree | `-- semver@4.3.6
22 silly idealTree +-- semver-regex@1.0.0
22 silly idealTree +-- semver@5.3.0
22 silly idealTree +-- send@0.14.1
22 silly idealTree | +-- etag@1.7.0
22 silly idealTree | `-- mime@1.3.4
22 silly idealTree +-- serve-index@1.8.0
22 silly idealTree +-- serve-static@1.11.1
22 silly idealTree +-- server-destroy@1.0.1
22 silly idealTree +-- set-blocking@2.0.0
22 silly idealTree +-- set-immediate-shim@1.0.1
22 silly idealTree +-- set-value@0.4.3
22 silly idealTree +-- setprototypeof@1.0.2
22 silly idealTree +-- shelljs@0.7.7
22 silly idealTree +-- signal-exit@3.0.2
22 silly idealTree +-- simple-fmt@0.1.0
22 silly idealTree +-- simple-is@0.2.0
22 silly idealTree +-- slice-ansi@0.0.4
22 silly idealTree +-- sntp@1.0.9
22 silly idealTree +-- socket.io-adapter@0.5.0
22 silly idealTree | +-- debug@2.3.3
22 silly idealTree | `-- ms@0.7.2
22 silly idealTree +-- socket.io-client@1.6.0
22 silly idealTree | +-- component-emitter@1.2.1
22 silly idealTree | +-- debug@2.3.3
22 silly idealTree | `-- ms@0.7.2
22 silly idealTree +-- socket.io-parser@2.3.1
22 silly idealTree | `-- isarray@0.0.1
22 silly idealTree +-- socket.io@1.6.0
22 silly idealTree | +-- debug@2.3.3
22 silly idealTree | +-- ms@0.7.2
22 silly idealTree | `-- object-assign@4.1.0
22 silly idealTree +-- sort-keys@1.1.2
22 silly idealTree +-- source-map-resolve@0.3.1
22 silly idealTree +-- source-map-url@0.3.0
22 silly idealTree +-- source-map@0.5.6
22 silly idealTree +-- sparkles@1.0.0
22 silly idealTree +-- spdx-correct@1.0.2
22 silly idealTree +-- spdx-expression-parse@1.0.4
22 silly idealTree +-- spdx-license-ids@1.2.2
22 silly idealTree +-- split@0.3.3
22 silly idealTree +-- sprintf-js@1.0.3
22 silly idealTree +-- sshpk@1.11.0
22 silly idealTree | `-- assert-plus@1.0.0
22 silly idealTree +-- stable@0.1.5
22 silly idealTree +-- stack-trace@0.0.9
22 silly idealTree +-- statuses@1.3.1
22 silly idealTree +-- stream-combiner@0.0.4
22 silly idealTree +-- stream-exhaust@1.0.1
22 silly idealTree +-- stream-shift@1.0.0
22 silly idealTree +-- stream-throttle@0.1.3
22 silly idealTree +-- stream-to-array@2.3.0
22 silly idealTree +-- streamfilter@1.0.5
22 silly idealTree +-- streamqueue@0.0.6
22 silly idealTree | +-- isarray@0.0.1
22 silly idealTree | `-- readable-stream@1.1.14
22 silly idealTree +-- strict-uri-encode@1.1.0
22 silly idealTree +-- string_decoder@0.10.31
22 silly idealTree +-- string-width@1.0.2
22 silly idealTree +-- stringmap@0.2.2
22 silly idealTree +-- stringset@0.2.1
22 silly idealTree +-- stringstream@0.0.5
22 silly idealTree +-- strip-ansi@3.0.1
22 silly idealTree +-- strip-bom-stream@1.0.0
22 silly idealTree +-- strip-bom@2.0.0
22 silly idealTree +-- strip-indent@1.0.1
22 silly idealTree +-- strip-json-comments@2.0.1
22 silly idealTree +-- supports-color@3.2.3
22 silly idealTree +-- svgo@0.7.2
22 silly idealTree | +-- esprima@2.7.3
22 silly idealTree | +-- js-yaml@3.7.0
22 silly idealTree | +-- minimist@0.0.8
22 silly idealTree | `-- mkdirp@0.5.1
22 silly idealTree +-- table@3.8.3
22 silly idealTree | +-- is-fullwidth-code-point@2.0.0
22 silly idealTree | +-- lodash@4.17.4
22 silly idealTree | `-- string-width@2.0.0
22 silly idealTree +-- ternary-stream@2.0.1
22 silly idealTree +-- text-table@0.2.0
22 silly idealTree +-- tfunk@3.1.0
22 silly idealTree +-- throttleit@1.0.0
22 silly idealTree +-- through@2.3.8
22 silly idealTree +-- through2-filter@2.0.0
22 silly idealTree +-- through2@2.0.3
22 silly idealTree +-- tildify@1.2.0
22 silly idealTree +-- time-stamp@1.0.1
22 silly idealTree +-- tmp@0.0.31
22 silly idealTree +-- to-absolute-glob@0.1.1
22 silly idealTree +-- to-array@0.1.4
22 silly idealTree +-- to-object-path@0.3.0
22 silly idealTree +-- toposort@0.2.12
22 silly idealTree +-- tough-cookie@2.3.2
22 silly idealTree +-- trim-newlines@1.0.0
22 silly idealTree +-- tryit@1.0.3
22 silly idealTree +-- tryor@0.1.2
22 silly idealTree +-- tunnel-agent@0.4.3
22 silly idealTree +-- tweetnacl@0.14.5
22 silly idealTree +-- type-check@0.3.2
22 silly idealTree +-- type-is@1.6.14
22 silly idealTree +-- typedarray@0.0.6
22 silly idealTree +-- ua-parser-js@0.7.12
22 silly idealTree +-- uglify-js@2.8.11
22 silly idealTree | +-- cliui@2.1.0
22 silly idealTree | +-- window-size@0.1.0
22 silly idealTree | +-- wordwrap@0.0.2
22 silly idealTree | `-- yargs@3.10.0
22 silly idealTree +-- uglify-save-license@0.4.1
22 silly idealTree +-- uglify-to-browserify@1.0.2
22 silly idealTree +-- ultron@1.0.2
22 silly idealTree +-- unc-path-regex@0.1.2
22 silly idealTree +-- underscore@1.7.0
22 silly idealTree +-- undertaker-forward-reference@0.1.0
22 silly idealTree | `-- undertaker-registry@0.0.3
22 silly idealTree +-- undertaker-registry@1.0.0
22 silly idealTree +-- undertaker@0.15.0
22 silly idealTree +-- union-value@0.2.4
22 silly idealTree +-- uniq@1.0.1
22 silly idealTree +-- uniqid@4.1.1
22 silly idealTree +-- uniqs@2.0.0
22 silly idealTree +-- unique-stream@2.2.1
22 silly idealTree +-- unpipe@1.0.0
22 silly idealTree +-- untildify@2.1.0
22 silly idealTree +-- upper-case@1.1.3
22 silly idealTree +-- urix@0.1.0
22 silly idealTree +-- user-home@2.0.0
22 silly idealTree +-- useragent@2.1.12
22 silly idealTree +-- useref@1.2.0
22 silly idealTree +-- util-deprecate@1.0.2
22 silly idealTree +-- utils-merge@1.0.0
22 silly idealTree +-- v8flags@2.0.11
22 silly idealTree | `-- user-home@1.1.1
22 silly idealTree +-- vali-date@1.0.0
22 silly idealTree +-- validate-npm-package-license@3.0.1
22 silly idealTree +-- vendors@1.0.1
22 silly idealTree +-- verror@1.3.6
22 silly idealTree +-- vinyl-file@1.3.0
22 silly idealTree +-- vinyl-fs@2.4.4
22 silly idealTree | +-- gulp-sourcemaps@1.6.0
22 silly idealTree | +-- minimist@0.0.8
22 silly idealTree | `-- mkdirp@0.5.1
22 silly idealTree +-- vinyl-sourcemaps-apply@0.2.1
22 silly idealTree +-- vinyl@1.2.0
22 silly idealTree +-- vlq@0.2.1
22 silly idealTree +-- void-elements@2.0.1
22 silly idealTree +-- weinre@2.0.0-pre-I0Z7U9OV
22 silly idealTree +-- whet.extend@0.9.9
22 silly idealTree +-- which-module@1.0.0
22 silly idealTree +-- which@1.2.12
22 silly idealTree +-- window-size@0.1.4
22 silly idealTree +-- wiredep-cli@0.1.0
22 silly idealTree +-- wiredep@4.0.0
22 silly idealTree | `-- lodash@4.17.4
22 silly idealTree +-- wordwrap@1.0.0
22 silly idealTree +-- wrap-ansi@2.1.0
22 silly idealTree +-- wrappy@1.0.2
22 silly idealTree +-- wreck@6.3.0
22 silly idealTree +-- write@0.2.1
22 silly idealTree | +-- minimist@0.0.8
22 silly idealTree | `-- mkdirp@0.5.1
22 silly idealTree +-- ws@1.1.1
22 silly idealTree +-- wtf-8@1.0.0
22 silly idealTree +-- xml-char-classes@1.0.0
22 silly idealTree +-- xmlbuilder@8.2.2
22 silly idealTree +-- xmlhttprequest-ssl@1.5.3
22 silly idealTree +-- xtend@4.0.1
22 silly idealTree +-- y18n@3.2.1
22 silly idealTree +-- yargs-parser@4.2.1
22 silly idealTree | `-- camelcase@3.0.0
22 silly idealTree +-- yargs@6.4.0
22 silly idealTree | +-- camelcase@3.0.0
22 silly idealTree | `-- window-size@0.2.0
22 silly idealTree +-- yauzl@2.4.1
22 silly idealTree `-- yeast@0.1.2
23 silly generateActionsToTake Starting
24 silly install generateActionsToTake
25 silly generateActionsToTake Finishing
26 silly diffTrees action count 1
27 silly diffTrees remove angular-ui-bootstrap@2.5.0
28 silly decomposeActions action count 1
29 silly decomposeActions remove angular-ui-bootstrap@2.5.0
30 silly runTopLevelLifecycles Starting
31 silly executeActions Starting
32 silly install executeActions
33 silly doSerial global-install 0
34 silly doParallel fetch 0
35 verbose correctMkdir C:\Users\Jordi\AppData\Roaming\npm-cache\_locks correctMkdir not in flight; initializing
36 verbose lock using C:\Users\Jordi\AppData\Roaming\npm-cache\_locks\staging-656714c334db0b26.lock for D:\Projectes web\terresjury\node_modules\.staging
37 silly doParallel extract 0
38 silly doParallel preinstall 0
39 silly doReverseSerial remove 1
40 silly remove D:\Projectes web\terresjury\node_modules\angular-ui-bootstrap
41 verbose unbuild node_modules\angular-ui-bootstrap
42 info lifecycle angular-ui-bootstrap@2.5.0~preuninstall: angular-ui-bootstrap@2.5.0
43 silly lifecycle angular-ui-bootstrap@2.5.0~preuninstall: no script for preuninstall, continuing
44 info lifecycle angular-ui-bootstrap@2.5.0~uninstall: angular-ui-bootstrap@2.5.0
45 silly lifecycle angular-ui-bootstrap@2.5.0~uninstall: no script for uninstall, continuing
46 verbose unbuild rmStuff angular-ui-bootstrap@2.5.0 from D:\Projectes web\terresjury\node_modules
47 info lifecycle angular-ui-bootstrap@2.5.0~postuninstall: angular-ui-bootstrap@2.5.0
48 silly lifecycle angular-ui-bootstrap@2.5.0~postuninstall: no script for postuninstall, continuing
49 silly gentlyRm D:\Projectes web\terresjury\node_modules\angular-ui-bootstrap is being purged from base D:\Projectes web\terresjury
50 verbose gentlyRm don't care about contents; nuking D:\Projectes web\terresjury\node_modules\angular-ui-bootstrap
51 silly vacuum-fs purging D:\Projectes web\terresjury\node_modules\angular-ui-bootstrap
52 silly vacuum-fs quitting because other entries in D:\Projectes web\terresjury\node_modules
53 verbose unlock done using C:\Users\Jordi\AppData\Roaming\npm-cache\_locks\staging-656714c334db0b26.lock for D:\Projectes web\terresjury\node_modules\.staging
54 silly rollbackFailedOptional Starting
55 silly rollbackFailedOptional Finishing
56 silly runTopLevelLifecycles Finishing
57 silly install printInstalled
58 warn terresjury No description
59 verbose If you need help, you may report this error at:
59 verbose     <https://github.com/npm/npm/issues>
60 warn terresjury No repository field.
61 verbose If you need help, you may report this error at:
61 verbose     <https://github.com/npm/npm/issues>
62 warn terresjury No license field.
63 verbose If you need help, you may report this error at:
63 verbose     <https://github.com/npm/npm/issues>
64 verbose stack Error: EPERM: operation not permitted, unlink 'D:\Projectes web\terresjury\node_modules\angular-ui-bootstrap'
65 verbose cwd D:\Projectes web\terresjury
66 error Windows_NT 10.0.14393
67 error argv "C:\\Program Files (x86)\\nodejs\\node.exe" "C:\\Users\\Jordi\\AppData\\Roaming\\npm\\node_modules\\npm\\bin\\npm-cli.js" "uninstall" "angular-ui-bootstrap"
68 error node v7.2.0
69 error npm  v4.1.1
70 error path D:\Projectes web\terresjury\node_modules\angular-ui-bootstrap
71 error code EPERM
72 error errno -4048
73 error syscall unlink
74 error Error: EPERM: operation not permitted, unlink 'D:\Projectes web\terresjury\node_modules\angular-ui-bootstrap'
74 error  { Error: EPERM: operation not permitted, unlink 'D:\Projectes web\terresjury\node_modules\angular-ui-bootstrap'
74 error   errno: -4048,
74 error   code: 'EPERM',
74 error   syscall: 'unlink',
74 error   path: 'D:\\Projectes web\\terresjury\\node_modules\\angular-ui-bootstrap' }
75 error Please try running this command again as root/Administrator.
76 verbose exit [ -4048, true ]
